[  1/123] MD2PDF - Writeup (TryHackMe)
          -> thm-writeups/md2pdf-writeup-tryhackme.html
          (skipped - exists, use --force to overwrite)
[  2/123] Evil-GPT - Writeup (TryHackMe)
          -> thm-writeups/evil-gpt-writeup-tryhackme.html
          (skipped - exists, use --force to overwrite)
[  3/123] Surfer - Writeup (TryHackMe)
          -> thm-writeups/surfer-writeup-tryhackme.html
          (skipped - exists, use --force to overwrite)
[  4/123] The Great Disappearing Act -TryHackMe Writeup
          -> thm-writeups/the-great-disappearing-act-tryhackme-writeup.html
          (skipped - exists, use --force to overwrite)
[  5/123] Tanuki -Writeup
          -> bugforge-writeups/tanuki-writeup.html
          (skipped - exists, use --force to overwrite)
[  6/123] Sokudo writeup (BugForge)
          -> bugforge-writeups/sokudo-writeup-bugforge-03f1384a.html
    [img] 1*TjbhOVZT1O8BIPV4TveJTg.png (downloaded)
    [img] 1*9cgnWc-I64F9EhGWgQAjsQ.png (downloaded)
    [img] 1*pSCZV7EWUWMHxPEzhxonUw.png (downloaded)
    [img] 1*n4okUXUsIGMhay1GVI-4kg.png (downloaded)
    [img] 1*rl0ynQgBrxRlCQDwceG0sg.png (downloaded)
    [img] 1*q6gDLYhbflwBuGwAnd1sZw.png (downloaded)
    [img] 1*IzlTodh0XykkRjJ-5pcExQ.png (downloaded)
[  7/123] Shady Oaks Financial (Bugforge)
          -> bugforge-writeups/shady-oaks-financial-bugforge.html
          (skipped - exists, use --force to overwrite)
[  8/123] Ottergram Writeup (BugForge)
          -> bugforge-writeups/ottergram-writeup-bugforge-7e048a3d.html
    [img] 1*jb_IBvOtat_kKLsfRBKgMg.png (downloaded)
    [img] 1*BfAZliv1KvYh-nqrX_zUVA.png (downloaded)
    [img] 1*mzpWzV3sBHxjusCowHryNA.png (downloaded)
    [img] 1*zCsuemx7zEtiaUpPHKjBlA.png (downloaded)
    [img] 1*F2C9GYd_51f2PlxP1Rkfrw.png (downloaded)
    [img] 1*12UQWQ2riVoYHh_4VBVmgA.png (downloaded)
[  9/123] For anyone reading this, the "Save to file" in Caido doesn't put "http -- skipped (no dest)
[ 10/123] Furhire Writeup (BugForge)
          -> bugforge-writeups/furhire-writeup-bugforge.html
          (skipped - exists, use --force to overwrite)
[ 11/123] Tanuki pt 2 Writeup (BugForge)
          -> bugforge-writeups/tanuki-pt-2-writeup-bugforge.html
          (skipped - exists, use --force to overwrite)
[ 12/123] CafeClub Writeup (Bugforge)
          -> bugforge-writeups/cafeclub-writeup-bugforge-aca44b33.html
    [img] 1*XerhAILu_2AJEBHfV_qCRg.png (downloaded)
    [img] 1*UAKfMLK9PSfdU_O_7WURFg.png (downloaded)
    [img] 1*cA0CE8ek1-_ScApyOgVYYg.png (downloaded)
    [img] 1*MIQ35bDIeUZQC-xQW3mFQA.png (downloaded)
    [img] 1*23e1S3bHmSCPdihiIe_SFQ.png (downloaded)
    [img] 1*KxeRLb_CyMHKJ-NspG7jhQ.png (downloaded)
    [img] 1*kih-W20s0Wmgpi7kiEdfiQ.png (downloaded)
    [img] 1*EM-iEmIflEd7X37zMALSfA.png (downloaded)
    [img] 1*sXiYCh92KeSQxDNryFdlbg.png (downloaded)
    [img] 1*XGZ9JfEySN2WAENnu0YdUQ.png (downloaded)
    [img] 1*2pWdXHE8-L0YgDE7gfanxQ.png (downloaded)
    [img] 1*jHejkIML-ZqoU-ltEW_jNA.png (downloaded)
    [img] 1*awiZMGouaDFscGZpnX-7PA.png (downloaded)
    [img] 1*E_tZEVMuBks9-2n6KnILIA.png (downloaded)
    [img] 1*6Nh-BJUxU0-ATyhYZk-uYA.png (downloaded)
    [img] 1*6VculR_sQaY6Vl4B9Tsw-g.png (downloaded)
[ 13/123] Cheesy Does It writeup (Bugforge)
          -> bugforge-writeups/cheesy-does-it-writeup-bugforge-46ced7ba.html
    [img] 1*dQCQC_S4xiC2s3poVbNCkQ.png (downloaded)
    [img] 1*NKZ0IcyKY4hhmpOyQ5vGIA.png (downloaded)
    [img] 1*0Usv2fvCU20hiV3hir5UMg.png (downloaded)
    [img] 1*BHKi_9CRKkbDUAtlvdGPKA.png (downloaded)
    [img] 1*Mbp07jfjLslOz0k1Sw8PVw.png (downloaded)
    [img] 1*81tAJfWNKAvriodda3fJYA.png (downloaded)
    [img] 1*_g9aAbq_YUf376JPrwugxQ.png (downloaded)
[ 14/123] Tanuki writeup (BugForge)
          -> bugforge-writeups/tanuki-writeup-bugforge-5a3d073c.html
    [img] 1*TFV76-qyFIvZbTLHDtiK9Q.png (downloaded)
    [img] 1*Iox5CPjHg2dqmGPwQuAKxA.png (downloaded)
    [img] 1*dFpjNpGx4t2sUSYeq8tIzQ.png (downloaded)
    [img] 1*gmnwQTX-KhzpMeFCbUB8XQ.png (downloaded)
[ 15/123] Copypasta writeup (Bugforge)
          -> bugforge-writeups/copypasta-writeup-bugforge-3f0fddab.html
    [img] 1*IGNwQmwr9mHozfopNeJakg.png (downloaded)
    [img] 1*VhrxILgC6CyAwobn6waoig.png (downloaded)
    [img] 1*68NRXumEfRHuOpzJAwVacw.png (downloaded)
    [img] 1*xThdo6FqChjYorXkOyLuZw.png (downloaded)
    [img] 1*6PryPqc3oKZQzLp2BpbbMQ.png (downloaded)
    [img] 1*J81Y_NvTPJPkUtszXtFVzw.png (downloaded)
    [img] 1*OIBY4s6kfGcpAZqQ0h7C7A.png (downloaded)
    [img] 1*7wiVSSw7PP7oC0xGqzNmGA.png (downloaded)
    [img] 1*i8ymT-3s_f2ikQBEQLyuwg.png (downloaded)
    [img] 1*MOLZ38S1aXQYwLGQM7w1xA.png (downloaded)
    [img] 1*bzaZ5nhw-2fi2C5_pJWa1w.png (downloaded)
    [img] 1*qqJCO2UQvSqhWiLkmlcYcQ.png (downloaded)
    [img] 1*lQOqeLK57Vf9UUVp-3bPVw.png (downloaded)
[ 16/123] Sokudo writeup (Bugforge)
          -> bugforge-writeups/sokudo-writeup-bugforge-c9413182.html
    [img] 1*ePH0W9Kj780RyjhBDBp-ng.png (downloaded)
    [img] 1*aE80dn2LB2Jl6UI1uWuvjw.png (downloaded)
    [img] 1*u3b0mInNN9hiG8TNn65XQA.png (downloaded)
    [img] 1*WrQ2OXhLqT-cLtxmt9KgZw.png (downloaded)
[ 17/123] Ottergram writeup (Bugforge)
          -> bugforge-writeups/ottergram-writeup-bugforge-1ecd388f.html
    [img] 1*Y4UuocVMjfHg0HIV_q2vCg.png (downloaded)
    [img] 1*uz7x6r8a6KzBWd_oDKz5wA.png (downloaded)
    [img] 1*K4mnavA5DHOWw-iKYF17XA.png (downloaded)
    [img] 1*S3i5N0tNxhQl_hIfGN_zSw.png (downloaded)
    [img] 1*x-pU5ZVRwLF6v977yOx5ig.png (downloaded)
    [img] 1*S02yXKVRie9d85bIHSNyWA.png (downloaded)
    [img] 1*DTQw7fv67BUM9ujJ9ZZOJQ.png (downloaded)
    [img] 1*5bmxjfF20HfsYwstLS9kUQ.png (downloaded)
    [img] 1*GbxZEcUFlF2j-Zgh_I1mJA.png (downloaded)
[ 18/123] CafeClub writeup (Bugforge)
          -> bugforge-writeups/cafeclub-writeup-bugforge-afb70036.html
    [img] 1*SsK9ZPirRzzur9rWdnJjzQ.png (downloaded)
    [img] 1*slQkUzR6-zIQEL-Q5aN3wg.png (downloaded)
    [img] 1*5L4UO-flXGi0svRwVD_CYA.png (downloaded)
    [img] 1*bLIjQkxBVEYj8Fg55y-quQ.png (downloaded)
    [img] 1*zmps_gBk1648XRJVeHNAXA.png (downloaded)
    [img] 1*yawbIl-b2-SA8Ef96HPIWQ.png (downloaded)
    [img] 1*D2E18je3KOj8y7QgUaJWTw.png (downloaded)
    [img] 1*Nzw5x2h7b31kZ9e-elvgVQ.png (downloaded)
    [img] 1*tjbLDpptf5eKUmN2ub-vDg.png (downloaded)
[ 19/123] Galaxy Dash (Medium difficulty) writeup (BugForge)
          -> bugforge-writeups/galaxy-dash-medium-difficulty-writeup-bugforge.html
          (skipped - exists, use --force to overwrite)
[ 20/123] Cheesy Does It writeup (BugForge)
          -> bugforge-writeups/cheesy-does-it-writeup-bugforge-70eca5f4.html
    [img] 1*z3cp1FF3PHmkhwWI5u7CVw.png (downloaded)
    [img] 1*QZq1YuwTrbM0F40yuR5fhA.png (downloaded)
    [img] 1*O9ZdJaYWHCfkKho-pFuMYA.png (downloaded)
    [img] 1*iiFudnZoComBimvvC5aIBw.png (downloaded)
    [img] 1*rbiCk7sQjb4aGU7vEoxgJQ.png (downloaded)
    [img] 1*-hGWMDwrBnMQpvqvupvyYg.png (downloaded)
    [img] 1*s0Uobh6cVXTAZwCF14vS1Q.png (downloaded)
    [img] 1*5IDp0kHIUm5dh5p2dBJtOg.png (downloaded)
    [img] 1*tT_q7UF-K4wZu8UK86iTZw.png (downloaded)
    [img] 1*33ZiStk9yAssoYmmLB_mDw.png (downloaded)
    [img] 1*mw5JQT7eJJVkVodzPKTsQw.png (downloaded)
[ 21/123] Tanuki writeup (BugForge)
          -> bugforge-writeups/tanuki-writeup-bugforge-8bc0c8d4.html
    [img] 1*evWpWZXypPiG2CpnTrctJw.png (downloaded)
    [img] 1*U79BjeR7w-RDPm6qUvp87g.png (downloaded)
    [img] 1*b8Oz-ngNBzm_EJhYqwQiYg.png (downloaded)
    [img] 1*9x4frPj79zPcm2cbqhRVdw.png (downloaded)
    [img] 1*hDWASiHHXsNFKpU52Dnwuw.png (downloaded)
[ 22/123] good write-up man! -- skipped (no dest)
[ 23/123] CopyPasta writeup (Bugforge)
          -> bugforge-writeups/copypasta-writeup-bugforge-7776d9a7.html
    [img] 1*esaP0HbK9FTz-CrLPEszZA.png (downloaded)
    [img] 1*qM0_Tk072Cqo7jJ3wDZocA.png (downloaded)
    [img] 1*k7j2vINg7oOu6kBgHgylmw.png (downloaded)
    [img] 1*k2_6UkDDSS4NwcM60jUJtA.png (downloaded)
    [img] 1*Atccg8uhKf1fQkAjDgifeg.png (downloaded)
    [img] 1*rWImbWcPZGPxy79TiN3YCw.png (downloaded)
    [img] 1*uIqS1GT9Fvd6biguwGnm7Q.png (downloaded)
    [img] 1*I17lVUUoIqHbOC_V5PGtpg.png (downloaded)
    [img] 1*y3bsbNek93v6bingMG-9PQ.png (downloaded)
    [img] 1*HnbZbgHJG5I4HYBkaIGIgg.png (downloaded)
    [img] 1*PPm9x6vmy28ef30KEynRzw.png (downloaded)
    [img] 1*tcJlvJvXmhQ7Xk8jc6rUDQ.png (downloaded)
[ 24/123] Sokudo writeup (Bugforge)
          -> bugforge-writeups/sokudo-writeup-bugforge-0e2c54aa.html
    [img] 1*afotZ9tzjNIXu1TyhrvyHA.png (downloaded)
    [img] 1*X7RQLKSbxAGk9FgIEOJ9VQ.png (downloaded)
    [img] 1*CrBJCuzfKZ9w5T4NbacTJA.png (downloaded)
    [img] 1*2rRFGhlI0cX3aIUiHvbdNw.png (downloaded)
    [img] 1*TJU0YUEFXLG2Rqg6Q8QHgg.png (downloaded)
    [img] 1*SxU1ZD4EqbU3wPciH8Z0JA.png (downloaded)
    [img] 1*OoepB8Pouh-_SJzbQUv2XA.png (downloaded)
    [img] 1*l9OQgKg2Jr9THuaGbgCJWg.png (downloaded)
    [img] 1*FJDBZNlIyjRnbQBTGU1PWg.png (downloaded)
[ 25/123] it's all good man! -- skipped (no dest)
[ 26/123] Ottergram writeup (Bugforge)
          -> bugforge-writeups/ottergram-writeup-bugforge-2f1b56ad.html
    [img] 1*s1pDn0Dft0pDq17eq2clzQ.png (downloaded)
    [img] 1*RtJEEuC87oQ6ShAVR543fA.png (downloaded)
    [img] 1*sQslwigPjIcZjMErQfAkFQ.png (downloaded)
    [img] 1*VD6p9McwsJaXw9RHvnGErQ.png (downloaded)
    [img] 1*LQ7rqS5k0X-J0uJAHAPfBg.png (downloaded)
    [img] 1*dF5f-RZY-K6XDeYYe1bOwA.png (downloaded)
    [img] 1*yGCBiM5yS8doqRPz9wpBAg.png (downloaded)
    [img] 1*jIQsVtNq4B5Z9lTB_Wbugw.png (downloaded)
    [img] 1*pvs9exjIIFO_pn6VQTRD2w.png (downloaded)
    [img] 1*UnCupCHmo51oGTB9HpHTxA.png (downloaded)
    [img] 1*0q7rUbqb68YNpXN58G04xw.png (downloaded)
    [img] 1*MwxFcPotDsnxTq8e-PgHmA.png (downloaded)
    [img] 1*A6GqkTYv1nQJ0fKziS55bw.png (downloaded)
[ 27/123] Cafeclub writeup (Bugforge)
          -> bugforge-writeups/cafeclub-writeup-bugforge-c0e8f42b.html
    [img] 1*VSJhsXuBHzszzlVGB_L4bw.png (downloaded)
    [img] 1*N-tFa4L8Op00KEQncDm2eg.png (downloaded)
    [img] 1*4sQ-mqkq8LgHawYZNxvAMA.png (downloaded)
    [img] 1*niJqVvc2dQMTQOYbneC0Xg.png (downloaded)
    [img] 1*43j6hdRzq7e8XK8rz1jLLw.png (downloaded)
    [img] 1*3imfHRqK-zUHZgNFt_lPQA.png (downloaded)
    [img] 1*gnSBwJNBtwaZXNO5iKvuoA.png (downloaded)
    [img] 1*ggrHnnaMuC2E-UUHSa3Heg.png (downloaded)
[ 28/123] Cheesy Does it walkthrough (Bugforge)
          -> bugforge-writeups/cheesy-does-it-walkthrough-bugforge.html
          (skipped - exists, use --force to overwrite)
[ 29/123] Glad you like them! :-D -- skipped (no dest)
[ 30/123] Tanuki writeup (Bugforge)
          -> bugforge-writeups/tanuki-writeup-bugforge-a83b3d9f.html
    [img] 1*ZsGd0BzltERFixmLcklHag.png (downloaded)
    [img] 1*mVkUgYOYKBqxiJIuj3LDAw.png (downloaded)
    [img] 1*sFfvMo2sH1We_c4HkCc29Q.png (downloaded)
[ 31/123] mustacchio writeup (TryHackMe)
          -> thm-writeups/mustacchio-writeup-tryhackme.html
          (skipped - exists, use --force to overwrite)
[ 32/123] CopyPasta writeup (Bugforge)
          -> bugforge-writeups/copypasta-writeup-bugforge-74c34045.html
    [img] 1*hGXmV48LA0OPMFs-5DAOHg.png (downloaded)
    [img] 1*-yRqmR3hmd48amKY9CBbNw.png (downloaded)
    [img] 1*5ES7W3_IVqJiYlNZ5jnXfA.png (downloaded)
    [img] 1*ArIytaO7gAETKEChRvt3Fg.png (downloaded)
    [img] 1*cO4NY9MI3-lEt3Vth8dt-g.png (downloaded)
    [img] 1*WDXhFn3BOCKM2b_FWu1bPA.png (downloaded)
    [img] 1*CBhYJe3BW2qQnlBRpFVFjw.png (downloaded)
[ 33/123] Shady Oaks Financial writeup (Broken auth) (Bugforge)
          -> bugforge-writeups/shady-oaks-financial-writeup-broken-auth-bugforge.html
          (skipped - exists, use --force to overwrite)
[ 34/123] MesaNet writeup (hard)(Bugforge) (SQLi)
          -> bugforge-writeups/mesanet-writeup-hard-bugforge-sqli.html
          (skipped - exists, use --force to overwrite)
[ 35/123] CafeClub writeup (Business Logic) (Bugforge)
          -> bugforge-writeups/cafeclub-writeup-business-logic-bugforge.html
          (skipped - exists, use --force to overwrite)
[ 36/123] Ottergram writeup (Broken Auth) (Bugforge)
          -> bugforge-writeups/ottergram-writeup-broken-auth-bugforge.html
          (skipped - exists, use --force to overwrite)
[ 37/123] "dumb the database" you mean "dump the database" ? -- skipped (no dest)
[ 38/123] Cheesy Does It (SQLi) writeup (Bugforge)
          -> bugforge-writeups/cheesy-does-it-sqli-writeup-bugforge.html
          (skipped - exists, use --force to overwrite)
[ 39/123] CupidBot writeup (TryHackMe)
          -> thm-writeups/cupidbot-writeup-tryhackme.html
          (skipped - exists, use --force to overwrite)
[ 40/123] Hidden Deep Into my Heart writeup (TryHackMe)
          -> thm-writeups/hidden-deep-into-my-heart-writeup-tryhackme.html
          (skipped - exists, use --force to overwrite)
[ 41/123] Galaxy Dash (XSS) (Medium) (Bugforge)
          -> bugforge-writeups/galaxy-dash-xss-medium-bugforge.html
          (skipped - exists, use --force to overwrite)
[ 42/123] CopyPasta writeup (BAC) (Bugforge)
          -> bugforge-writeups/copypasta-writeup-bac-bugforge-bdf03ba7.html
    [img] 1*GaGfB5mUY5qROvA2X3LAVQ.png (downloaded)
    [img] 1*GHBbvH1HWJ0CAUVAz-Le8A.png (downloaded)
    [img] 1*PzJ5vK_MYpURAh8wzXGqrg.png (downloaded)
    [img] 1*yWb6y4q3fQTExnoSvhQyTA.png (downloaded)
    [img] 1*RGegzPHkLPW7upke1b58JA.png (downloaded)
[ 43/123] Gift List writeup (IDOR) (Bugforge)
          -> bugforge-writeups/gift-list-writeup-idor-bugforge.html
          (skipped - exists, use --force to overwrite)
[ 44/123] Ottergram writeup (LFI) (Bugforge)
          -> bugforge-writeups/ottergram-writeup-lfi-bugforge.html
          (skipped - exists, use --force to overwrite)
[ 45/123] Shady Oaks Financial writeup(Race Condition) (Bugforge)
          -> bugforge-writeups/shady-oaks-financial-writeup-race-condition-bugforge.html
          (skipped - exists, use --force to overwrite)
[ 46/123] Great write up! -- skipped (no dest)
[ 47/123] How I Became a PAPA (Practical AI Pentest Associate) by TCM
          -> gensec/how-i-became-a-papa-practical-ai-pentest-associate-by-tcm.html
          (skipped - exists, use --force to overwrite)
[ 48/123] Cheesy Does it writeup (Business Logic flaw)(Bugforge)
          -> bugforge-writeups/cheesy-does-it-writeup-business-logic-flaw-bugforge.html
          (skipped - exists, use --force to overwrite)
[ 49/123] Furhire writeup (MFA Bypass) (Medium)(Bugforge)
          -> bugforge-writeups/furhire-writeup-mfa-bypass-medium-bugforge.html
          (skipped - exists, use --force to overwrite)
[ 50/123] Copypasta writeup (BAC) (Bugforge)
          -> bugforge-writeups/copypasta-writeup-bac-bugforge-376b9016.html
    [img] 1*GaGfB5mUY5qROvA2X3LAVQ.png (downloaded)
    [img] 1*jn2Ml8uBrUFLUoe3d9jgTw.png (downloaded)
    [img] 1*xqkPbMseNgrZgSqgGdXkzQ.png (downloaded)
    [img] 1*bRYM8TPyPpIPVuDjOGPgvw.png (downloaded)
    [img] 1*txAxYf9FDjvBajF_7xe2xg.png (downloaded)
    [img] 1*BJquhjGOcU18_I85Okll4g.png (downloaded)
    [img] 1*IRFuQTAXPs_8eXb67JMdog.png (downloaded)
[ 51/123] Great review! I'm going to add a link to your review on mine if that's -- skipped (no dest)
[ 52/123] Sokudo writeup (API9:2023) (Bugforge)
          -> bugforge-writeups/sokudo-writeup-api9-2023-bugforge.html
          (skipped - exists, use --force to overwrite)
[ 53/123] Thanks for the review. -- skipped (no dest)
[ 54/123] Ottergram writeup (BAC) (Bugforge)
          -> bugforge-writeups/ottergram-writeup-bac-bugforge.html
          (skipped - exists, use --force to overwrite)
[ 55/123] Shady Oaks Financial writeup (BFLA) (Bugforge)
          -> bugforge-writeups/shady-oaks-financial-writeup-bfla-bugforge.html
          (skipped - exists, use --force to overwrite)
[ 56/123] CafeClub writeup (LFI) (Bugforge)
          -> bugforge-writeups/cafeclub-writeup-lfi-bugforge.html
          (skipped - exists, use --force to overwrite)
[ 57/123] Galaxy Dash writeup (SQLi) (Bugforge)
          -> bugforge-writeups/galaxy-dash-writeup-sqli-bugforge.html
          (skipped - exists, use --force to overwrite)
[ 58/123] Copypasta (SQLi) (Bugforge)
          -> bugforge-writeups/copypasta-sqli-bugforge.html
          (skipped - exists, use --force to overwrite)
[ 59/123] Tanuki (SSRF) (Bugforge)
          -> bugforge-writeups/tanuki-ssrf-bugforge.html
          (skipped - exists, use --force to overwrite)
[ 60/123] Cheesy Does It writeup (BLF) (Bugforge)
          -> bugforge-writeups/cheesy-does-it-writeup-blf-bugforge.html
          (skipped - exists, use --force to overwrite)
[ 61/123] ExpressWay writeup (HackTheBox)
          -> htb-writeups/expressway-writeup-hackthebox.html
          (skipped - exists, use --force to overwrite)
[ 62/123] Cheesy Does It (Business Logic Vuln) (Bugforge)
          -> bugforge-writeups/cheesy-does-it-business-logic-vuln-bugforge.html
          (skipped - exists, use --force to overwrite)
[ 63/123] Gift Lab (BAC) (Bugforge)
          -> bugforge-writeups/gift-lab-bac-bugforge-3fa17774.html
    [img] 1*G0M3HEBW2Vq9DKuzJBXrGw.png (downloaded)
    [img] 1*ZJXcg8qiQAM3itXpF2WCeg.png (downloaded)
    [img] 1*O7nwDwcqaAno2oh-Yce5Ow.png (downloaded)
    [img] 1*6RAQ76wf1uSdLUIugfau7A.png (downloaded)
    [img] 1*YGugYevEPxrFngq-UjKAHQ.png (downloaded)
    [img] 1*bUWhTwnmd5Urmz-D4bsRXA.png (downloaded)
[ 64/123] MesaNet (OTP Bypass) (Hard) (Bugforge)
          -> bugforge-writeups/mesanet-otp-bypass-hard-bugforge.html
          (skipped - exists, use --force to overwrite)
[ 65/123] Ottergram (websockets) Bugforge
          -> bugforge-writeups/ottergram-websockets-bugforge.html
          (skipped - exists, use --force to overwrite)
[ 66/123] Galaxy Dash (BAC) Walkthrough (Bugforge)
          -> bugforge-writeups/galaxy-dash-bac-walkthrough-bugforge.html
          (skipped - exists, use --force to overwrite)
[ 67/123] Ottergram (XSS) Bugforge (Live Stream)
          -> bugforge-writeups/ottergram-xss-bugforge-live-stream.html
          (skipped - exists, use --force to overwrite)
[ 68/123] CafeClub writeup (IDOR) Bugforge
          -> bugforge-writeups/cafeclub-writeup-idor-bugforge.html
          (skipped - exists, use --force to overwrite)
[ 69/123] Necromancers Notebook (JWT) (Bugforge)
          -> bugforge-writeups/necromancers-notebook-jwt-bugforge.html
          (skipped - exists, use --force to overwrite)
[ 70/123] CafeClub (Business Logic) (Bugforge.io)
          -> bugforge-writeups/cafeclub-business-logic-bugforge-io.html
          (skipped - exists, use --force to overwrite)
[ 71/123] Tanuki (JWT) (Bugforge.io)
          -> bugforge-writeups/tanuki-jwt-bugforge-io.html
          (skipped - exists, use --force to overwrite)
[ 72/123] Gift Lab (BAC) Bugforge
          -> bugforge-writeups/gift-lab-bac-bugforge-48f0318b.html
    [img] 1*gE4ITZVtZaluJnlLXIPy0A.png (downloaded)
[ 73/123] Shady Oaks Financial (JWT) Bugforge.io
          -> bugforge-writeups/shady-oaks-financial-jwt-bugforge-io.html
          (skipped - exists, use --force to overwrite)
[ 74/123] Tricky Tunnels - WebVerse
          -> webverse-writeups/tricky-tunnels-webverse.html
          (skipped - exists, use --force to overwrite)
[ 75/123] DocketHive - WebVerse
          -> webverse-writeups/dockethive-webverse.html
          (skipped - exists, use --force to overwrite)
[ 76/123] Fixture - WebVerse (Medium)
          -> webverse-writeups/fixture-webverse-medium.html
          (skipped - exists, use --force to overwrite)
[ 77/123] Parcel (SQLi) WebVerse Writeup
          -> webverse-writeups/parcel-sqli-webverse-writeup.html
          (skipped - exists, use --force to overwrite)
[ 78/123] Sokudo (GraphQL) Bugforge
          -> bugforge-writeups/sokudo-graphql-bugforge.html
          (skipped - exists, use --force to overwrite)
[ 79/123] Mirage (LFI) WebVerse
          -> webverse-writeups/mirage-lfi-webverse.html
          (skipped - exists, use --force to overwrite)
[ 80/123] Breach - WebVerse (GraphQL)
          -> webverse-writeups/breach-webverse-graphql.html
          (skipped - exists, use --force to overwrite)
[ 81/123] Ottergram (BAC) (VerbTamper) Bugforge
          -> bugforge-writeups/ottergram-bac-verbtamper-bugforge.html
          (skipped - exists, use --force to overwrite)
[ 82/123] Quarter Shift (GraphQL + SSRF) WebVerse
          -> webverse-writeups/quarter-shift-graphql-ssrf-webverse.html
          (skipped - exists, use --force to overwrite)
[ 83/123] Tanuki (BAC) Bugforge.io
          -> bugforge-writeups/tanuki-bac-bugforge-io.html
          (skipped - exists, use --force to overwrite)
[ 84/123] Method-based access control can be circumvented - Portswigger Academy
          -> gensec/method-based-access-control-can-be-circumvented-portswigger-academy.html
          (skipped - exists, use --force to overwrite)
[ 85/123] Insecure direct object references — Portswigger Academy Lab
          -> gensec/insecure-direct-object-references-portswigger-academy-lab.html
          (skipped - exists, use --force to overwrite)
[ 86/123] DiceForge (RCE) Bugforge
          -> bugforge-writeups/diceforge-rce-bugforge.html
          (skipped - exists, use --force to overwrite)
[ 87/123] Cheesy Does It (JWT) Bugforge.io
          -> bugforge-writeups/cheesy-does-it-jwt-bugforge-io.html
          (skipped - exists, use --force to overwrite)
[ 88/123] CopyPasta (BAC) Bugforge.io
          -> bugforge-writeups/copypasta-bac-bugforge-io.html
          (skipped - exists, use --force to overwrite)
[ 89/123] OutBox (SSTI) WebVerse
          -> webverse-writeups/outbox-ssti-webverse.html
          (skipped - exists, use --force to overwrite)
[ 90/123] Sprocket Line (RXSS) WebVerse
          -> webverse-writeups/sprocket-line-rxss-webverse.html
          (skipped - exists, use --force to overwrite)
[ 91/123] DiceForge (Bypass Paywall) Bugforge.io
          -> bugforge-writeups/diceforge-bypass-paywall-bugforge-io.html
          (skipped - exists, use --force to overwrite)
[ 92/123] NewsForge (BFLA) WebVerse
          -> webverse-writeups/newsforge-bfla-webverse.html
          (skipped - exists, use --force to overwrite)
[ 93/123] Ottergram (GraphQL) Bugforge.io
          -> bugforge-writeups/ottergram-graphql-bugforge-io.html
          (skipped - exists, use --force to overwrite)
[ 94/123] Sunnyside Daycare (SSTI) WebVerse
          -> webverse-writeups/sunnyside-daycare-ssti-webverse.html
          (skipped - exists, use --force to overwrite)
[ 95/123] Furhire (SSRF) (Weekly) Bugforge.io
          -> bugforge-writeups/furhire-ssrf-weekly-bugforge-io.html
          (skipped - exists, use --force to overwrite)
[ 96/123] bookmarking. Will read this. I love digimon too. -- skipped (no dest)
[ 97/123] Phone Vault (Official writeup) WebVerse
          -> webverse-writeups/phone-vault-official-writeup-webverse.html
          (skipped - exists, use --force to overwrite)
[ 98/123] Mapleton (LFI to RCE) WebVerse
          -> webverse-writeups/mapleton-lfi-to-rce-webverse.html
          (skipped - exists, use --force to overwrite)
[ 99/123] Galaxy Dash (IDOR) Bugforge.io
          -> bugforge-writeups/galaxy-dash-idor-bugforge-io.html
          (skipped - exists, use --force to overwrite)
[100/123] Joystick (Websockets) WebVerse
          -> webverse-writeups/joystick-websockets-webverse.html
          (skipped - exists, use --force to overwrite)
[101/123] My security labs (inc links) -- skipped (no dest)
[102/123] Loop & Roam (git exposure) WebVerse
          -> webverse-writeups/loop-roam-git-exposure-webverse.html
          (skipped - exists, use --force to overwrite)
[103/123] The Caretaker (Official Writeup) WebVerse
          -> webverse-writeups/the-caretaker-official-writeup-webverse.html
          (skipped - exists, use --force to overwrite)
[104/123] Lazy Human Resources (Official writeup) (BAC) WebVerse
          -> webverse-writeups/lazy-human-resources-official-writeup-bac-webverse.html
          (skipped - exists, use --force to overwrite)
[105/123] Snooker (Logic flaw) WebVerse
          -> webverse-writeups/snooker-logic-flaw-webverse.html
          (skipped - exists, use --force to overwrite)
[106/123] MedNode (SQLi) Bugforge.io
          -> bugforge-writeups/mednode-sqli-bugforge-io.html
          (skipped - exists, use --force to overwrite)
[107/123] Vibed (SQLi) WebVerse
          -> webverse-writeups/vibed-sqli-webverse.html
          (skipped - exists, use --force to overwrite)
[108/123] Brackish Brewing Co. (with VerbTamper v1.8.1) (WebVerse)
          -> webverse-writeups/brackish-brewing-co-with-verbtamper-v1-8-1-webverse.html
          (skipped - exists, use --force to overwrite)
[109/123] FurHire (Broken Auth) (Weekly) (BugForge.io)
          -> bugforge-writeups/furhire-broken-auth-weekly-bugforge-io.html
          (skipped - exists, use --force to overwrite)
[110/123] Disgruntled Employee (Official Writeup) WebVerse-Pro.com
          -> webverse-writeups/disgruntled-employee-official-writeup-webverse-pro-com.html
          (skipped - exists, use --force to overwrite)
[111/123] Versed (SQLi) WebVerse-pro.com
          -> webverse-writeups/versed-sqli-webverse-pro-com.html
          (skipped - exists, use --force to overwrite)
[112/123] Angry Teacher (Official Walkthrough) WebVerse-Pro.com
          -> webverse-writeups/angry-teacher-official-walkthrough-webverse-pro-com.html
          (skipped - exists, use --force to overwrite)
[113/123] CafeClub (Broken Business Logic) Bugforge.io
          -> bugforge-writeups/cafeclub-broken-business-logic-bugforge-io.html
          (skipped - exists, use --force to overwrite)
[114/123] ReportVerse (Official Writeup) WebVerse-pro.com
          -> webverse-writeups/reportverse-official-writeup-webverse-pro-com.html
          (skipped - exists, use --force to overwrite)
[115/123] Bomb Threat (Official Walkthrough) WebVerse-pro.com
          -> webverse-writeups/bomb-threat-official-walkthrough-webverse-pro-com.html
          (skipped - exists, use --force to overwrite)
[116/123] Crate & Sleeve (SXSS) (WebVerse-pro.com)
          -> webverse-writeups/crate-sleeve-sxss-webverse-pro-com.html
          (skipped - exists, use --force to overwrite)
[117/123] Bill’s Steak House (RCE) (WebVerse-pro.com)
          -> webverse-writeups/bill-s-steak-house-rce-webverse-pro-com.html
          (skipped - exists, use --force to overwrite)
[118/123] Ottergram (Priv-Esc) Bugforge.io
          -> bugforge-writeups/ottergram-priv-esc-bugforge-io.html
          (skipped - exists, use --force to overwrite)
[119/123] Tamper Temple (Official writeup) (hard) (WebVerse-pro.com)
          -> webverse-writeups/tamper-temple-official-writeup-hard-webverse-pro-com.html
          (skipped - exists, use --force to overwrite)
[120/123] Thanks for your thoughts! -- skipped (no dest)
[121/123] CSP is a seatbelt, not a force field -- skipped (no dest)
[122/123] Research and Writeups -- skipped (no dest)
[123/123] Proto -- skipped (no dest)

Summary:
    imported: 21
     skipped: 14
      exists: 88
