[  1/123] MD2PDF - Writeup (TryHackMe)
          -> thm-writeups/md2pdf-writeup-tryhackme.html
    [img] 1*GD5pTkq1Rizm4QnTR4C4dg.png (downloaded)
    [img] 1*6YiihRb1_2xO1YZyYBQBzg.png (downloaded)
    [img] 1*zQmJHJLHcpg89nVCg0W-hQ.png (downloaded)
    [img] 1*hvqMzSYFZ9TvnKp_a1WqOg.png (downloaded)
    [img] 1*Mg-vBpKfMJD6tYPx84XD9w.png (downloaded)
    [img] 1*teHrS-_JedjFICC_yUlegQ.png (downloaded)
    [img] 1*4xoJF-GrPeeH6uZB9ou9eQ.png (downloaded)
[  2/123] Evil-GPT - Writeup (TryHackMe)
          -> thm-writeups/evil-gpt-writeup-tryhackme.html
    [img] 1*fOsSIdAG_uiz1Vl44znxmQ.png (downloaded)
    [img] 1*7d8BQQt4uWokozGn76El-A.png (downloaded)
    [img] 1*0iB5Cfe7JGV0itrxuHDS4A.png (downloaded)
    [img] 1*RqlmUvoVkl2wXKGiT-scEQ.png (downloaded)
[  3/123] Surfer - Writeup (TryHackMe)
          -> thm-writeups/surfer-writeup-tryhackme.html
    [img] 1*idjHygODi7rJuFTIe0qoWA.png (downloaded)
    [img] 1*5RKJEFk8tgj011ydwh4rBg.png (downloaded)
    [img] 1*zeVhCtafG8mO-cpTAHzC1g.png (downloaded)
    [img] 1*6E4HKHlPDKqbfmWEhzcsxw.png (downloaded)
    [img] 1*9T9ZG5vRIi0FE5zk27YVPQ.png (downloaded)
    [img] 1*3483Mc4B3sMbGNQKHcH-HQ.png (downloaded)
    [img] 1*2mdzGKYkE2OaLY44VNHhoQ.png (downloaded)
[  4/123] The Great Disappearing Act -TryHackMe Writeup
          -> thm-writeups/the-great-disappearing-act-tryhackme-writeup.html
    [img] 1*VotvSykjhiT7fBk4UqXBQw.png (downloaded)
    [img] 1*iRsnBlM2afiJALBD1iyNNw.png (downloaded)
    [img] 1*100UttNAzgxE83oF0nU78Q.png (downloaded)
    [img] 0*UfzAf9qTec3KhkNX.png (downloaded)
    [img] 1*7kXYwkvaSz7nAOPK3KnXsQ.png (downloaded)
    [img] 1*mtd2aFftM35Nk2XWhTElsQ.png (downloaded)
    [img] 1*-sZqG5dgPcOgBZYYSa-h-Q.png (downloaded)
    [img] 1*GR06PyTUAd7finlTzIehSg.png (downloaded)
    [img] 1*jxVFX-1Q8bhXTxDRmnA0yA.png (downloaded)
    [img] 1*cToZcO-njH2HbBzp-9Dn1w.png (downloaded)
    [img] 1*Z1SfPfvL0UUfuBvpRAGXfQ.png (downloaded)
    [img] 1*WA09reXDcdRJOHN-K2vpVg.png (downloaded)
    [img] 1*ZRUSHyJ62e8H1FLmFHRoLw.png (downloaded)
    [img] 1*S3x-W7qwqtpLlJW5_SuHrw.png (downloaded)
    [img] 1*0H4pwF51vvOP02B8Te4t4w.png (downloaded)
    [img] 1*GYwZ_wguxt5PxLSmYlbZWg.png (downloaded)
    [img] 1*OW_ObuFARJU_JfDQSkOoYg.png (downloaded)
    [img] 1*ZBo3lQwPJrHknzg8f1xsdw.png (downloaded)
    [img] 1*cnLC_Ng8vJE1lmkyDcGI3A.png (downloaded)
    [img] 1*SO3gz2OAUbyyaloOKEJoEg.png (downloaded)
    [img] 1*FfsBwVi4e7yaMjtl2O4Tvg.png (downloaded)
    [img] 1*LZgfp4xq4yowixQh17nrXA.png (downloaded)
    [img] 1*WnQ5ACOLoE-2qM8NypXeYw.png (downloaded)
    [img] 1*AMhz83TjT98fuargykEbhA.png (downloaded)
    [img] 1*yPDptdjYM2LXpyyYuA866g.png (downloaded)
    [img] 1*vqJlWM8T3DUWD-w13Yl16w.png (downloaded)
    [img] 1*uLG9dAA6d7NBsvdqmSwsSQ.png (downloaded)
    [img] 1*gmR5emcFd3eaytP2Zbsakg.png (downloaded)
    [img] 1*fFFzufHftAv4pVSRGMUX7g.png (downloaded)
    [img] 1*sWPfGZ6X84oMgxEYkL6MzQ.png (downloaded)
    [img] 1*LFyJHaBKNWYMFfVuzwibCw.png (downloaded)
    [img] 1*jiXu34F3SKRdvYZdVEb6KA.png (downloaded)
    [img] 1*SjnomhWWmH7_SF9NNoWBkA.png (downloaded)
    [img] 1*vn5qyXTMu_Co7PvId_h3rw.png (downloaded)
    [img] 1*WhcJ4Mr_UjeQERRa5qxXkg.png (downloaded)
    [img] 1*snFuLWhFkWYisXDpnbKtsw.png (downloaded)
    [img] 1*EAbn9UKmwfpelbz8Qz-ZhQ.png (downloaded)
    [img] 1*O3yCBzx1WfvRpAt-YgxScg.png (downloaded)
    [img] 1*Kv9HkXqk6k0nOAZSjHJ5iw.png (downloaded)
    [img] 1*IDuTTSf_qM43b7mOTG5cBA.png (downloaded)
    [img] 1*FWAjgUu-db9vh6-DHjo4PA.png (downloaded)
[  5/123] Tanuki -Writeup
          -> bugforge-writeups/tanuki-writeup.html
          (skipped - exists, use --force to overwrite)
[  6/123] Sokudo writeup (BugForge)
          -> bugforge-writeups/sokudo-writeup-bugforge.html
    [img] 1*TjbhOVZT1O8BIPV4TveJTg.png (downloaded)
    [img] 1*9cgnWc-I64F9EhGWgQAjsQ.png (downloaded)
    [img] 1*pSCZV7EWUWMHxPEzhxonUw.png (downloaded)
    [img] 1*n4okUXUsIGMhay1GVI-4kg.png (downloaded)
    [img] 1*rl0ynQgBrxRlCQDwceG0sg.png (downloaded)
    [img] 1*q6gDLYhbflwBuGwAnd1sZw.png (downloaded)
    [img] 1*IzlTodh0XykkRjJ-5pcExQ.png (downloaded)
[  7/123] Shady Oaks Financial (Bugforge)
          -> bugforge-writeups/shady-oaks-financial-bugforge.html
    [img] 1*ntZd5JR7Px7Ej2gUwQu9Yw.jpeg (downloaded)
    [img] 1*W1kCRpslGLUxtYAH9SqCtw.png (downloaded)
    [img] 1*LzkgL6Pa3q8HsAHM5lPWYA.png (downloaded)
    [img] 1*YtrUM8DQVpi8dCgszfDSqQ.png (downloaded)
    [img] 1*TWmPOER_kPBW9qmrLBhFFQ.png (downloaded)
    [img] 1*rEO7dLhExmtiStaDRjj-Wg.png (downloaded)
    [img] 1*l-l1S3wYashN1vtbAN_KIA.png (downloaded)
    [img] 1*n7PGyb51uZDp6xT_0jbNyw.png (downloaded)
[  8/123] Ottergram Writeup (BugForge)
          -> bugforge-writeups/ottergram-writeup-bugforge.html
    [img] 1*jb_IBvOtat_kKLsfRBKgMg.png (downloaded)
    [img] 1*BfAZliv1KvYh-nqrX_zUVA.png (downloaded)
    [img] 1*mzpWzV3sBHxjusCowHryNA.png (downloaded)
    [img] 1*zCsuemx7zEtiaUpPHKjBlA.png (downloaded)
    [img] 1*F2C9GYd_51f2PlxP1Rkfrw.png (downloaded)
    [img] 1*12UQWQ2riVoYHh_4VBVmgA.png (downloaded)
[  9/123] For anyone reading this, the "Save to file" in Caido doesn't put "http -- skipped (no dest)
[ 10/123] Furhire Writeup (BugForge)
          -> bugforge-writeups/furhire-writeup-bugforge.html
    [img] 1*18zYs-XcBAIFdZ2ICTFz2A.png (downloaded)
    [img] 1*7l54Q8cjscP9k7UlO2eA2w.png (downloaded)
    [img] 1*WTB-djoDgFUFgvGm6plYeA.png (downloaded)
    [img] 1*TurvZD6qWX7ponN5A-I7WQ.png (downloaded)
    [img] 1*U0qOGvYyd3vdOu-ihNijwg.png (downloaded)
    [img] 1*Iz_yOWzXtY8JRLXPQ3H53w.png (downloaded)
    [img] 1*d-X_-D0XXtVOh17ZhKp0UQ.png (downloaded)
    [img] 1*GSZIt1inaPajfLrPdcnthg.png (downloaded)
    [img] 1*YoxnT-IlEBzUbiffbPjICQ.png (downloaded)
    [img] 1*riU3JEIhwbIQA_5GoCtKLg.png (downloaded)
    [img] 1*4xyYAjO56WCVt7B-wuVo_Q.png (downloaded)
    [img] 1*vFyHjPXabj8XCoUrX0B0xA.png (downloaded)
    [img] 1*3PVF72_vdZZbTpUZ_wdRGw.png (downloaded)
    [img] 1*FyC0LmIJrY_PINCWeN8Vnw.png (downloaded)
[ 11/123] Tanuki pt 2 Writeup (BugForge)
          -> bugforge-writeups/tanuki-pt-2-writeup-bugforge.html
    [img] 1*O1cnrLH2PW8gIbIuRjOOaA.png (downloaded)
    [img] 1*qGFswXtqsCgyioYvwMIn3A.png (downloaded)
    [img] 1*18MKESRrsfl2ia9apywwQQ.png (downloaded)
    [img] 1*zeOWJy0_FfeZiqZR0BjDuA.png (downloaded)
    [img] 1*SOeuiyd0uV9lnxeM5PchvQ.png (downloaded)
    [img] 1*AKkJrCi7XqNBQ-iEyTqQkQ.png (downloaded)
    [img] 1*GPno3LKJI0mEW9hohdIzQQ.png (downloaded)
    [img] 1*UgtrEp4or84S-NKPXz6ZJg.png (downloaded)
    [img] 1*pgwPjqRdDIBRJkbYf4W0cg.png (downloaded)
[ 12/123] CafeClub Writeup (Bugforge)
          -> bugforge-writeups/cafeclub-writeup-bugforge.html
    [img] 1*XerhAILu_2AJEBHfV_qCRg.png (downloaded)
    [img] 1*UAKfMLK9PSfdU_O_7WURFg.png (downloaded)
    [img] 1*cA0CE8ek1-_ScApyOgVYYg.png (downloaded)
    [img] 1*MIQ35bDIeUZQC-xQW3mFQA.png (downloaded)
    [img] 1*23e1S3bHmSCPdihiIe_SFQ.png (downloaded)
    [img] 1*KxeRLb_CyMHKJ-NspG7jhQ.png (downloaded)
    [img] 1*kih-W20s0Wmgpi7kiEdfiQ.png (downloaded)
    [img] 1*EM-iEmIflEd7X37zMALSfA.png (downloaded)
    [img] 1*sXiYCh92KeSQxDNryFdlbg.png (downloaded)
    [img] 1*XGZ9JfEySN2WAENnu0YdUQ.png (downloaded)
    [img] 1*2pWdXHE8-L0YgDE7gfanxQ.png (downloaded)
    [img] 1*jHejkIML-ZqoU-ltEW_jNA.png (downloaded)
    [img] 1*awiZMGouaDFscGZpnX-7PA.png (downloaded)
    [img] 1*E_tZEVMuBks9-2n6KnILIA.png (downloaded)
    [img] 1*6Nh-BJUxU0-ATyhYZk-uYA.png (downloaded)
    [img] 1*6VculR_sQaY6Vl4B9Tsw-g.png (downloaded)
[ 13/123] Cheesy Does It writeup (Bugforge)
          -> bugforge-writeups/cheesy-does-it-writeup-bugforge.html
    [img] 1*dQCQC_S4xiC2s3poVbNCkQ.png (downloaded)
    [img] 1*NKZ0IcyKY4hhmpOyQ5vGIA.png (downloaded)
    [img] 1*0Usv2fvCU20hiV3hir5UMg.png (downloaded)
    [img] 1*BHKi_9CRKkbDUAtlvdGPKA.png (downloaded)
    [img] 1*Mbp07jfjLslOz0k1Sw8PVw.png (downloaded)
    [img] 1*81tAJfWNKAvriodda3fJYA.png (downloaded)
    [img] 1*_g9aAbq_YUf376JPrwugxQ.png (downloaded)
[ 14/123] Tanuki writeup (BugForge)
          -> bugforge-writeups/tanuki-writeup-bugforge.html
    [img] 1*TFV76-qyFIvZbTLHDtiK9Q.png (downloaded)
    [img] 1*Iox5CPjHg2dqmGPwQuAKxA.png (downloaded)
    [img] 1*dFpjNpGx4t2sUSYeq8tIzQ.png (downloaded)
    [img] 1*gmnwQTX-KhzpMeFCbUB8XQ.png (downloaded)
[ 15/123] Copypasta writeup (Bugforge)
          -> bugforge-writeups/copypasta-writeup-bugforge.html
    [img] 1*IGNwQmwr9mHozfopNeJakg.png (downloaded)
    [img] 1*VhrxILgC6CyAwobn6waoig.png (downloaded)
    [img] 1*68NRXumEfRHuOpzJAwVacw.png (downloaded)
    [img] 1*xThdo6FqChjYorXkOyLuZw.png (downloaded)
    [img] 1*6PryPqc3oKZQzLp2BpbbMQ.png (downloaded)
    [img] 1*J81Y_NvTPJPkUtszXtFVzw.png (downloaded)
    [img] 1*OIBY4s6kfGcpAZqQ0h7C7A.png (downloaded)
    [img] 1*7wiVSSw7PP7oC0xGqzNmGA.png (downloaded)
    [img] 1*i8ymT-3s_f2ikQBEQLyuwg.png (downloaded)
    [img] 1*MOLZ38S1aXQYwLGQM7w1xA.png (downloaded)
    [img] 1*bzaZ5nhw-2fi2C5_pJWa1w.png (downloaded)
    [img] 1*qqJCO2UQvSqhWiLkmlcYcQ.png (downloaded)
    [img] 1*lQOqeLK57Vf9UUVp-3bPVw.png (downloaded)
[ 16/123] Sokudo writeup (Bugforge)
          -> bugforge-writeups/sokudo-writeup-bugforge.html
          (skipped - exists, use --force to overwrite)
[ 17/123] Ottergram writeup (Bugforge)
          -> bugforge-writeups/ottergram-writeup-bugforge.html
          (skipped - exists, use --force to overwrite)
[ 18/123] CafeClub writeup (Bugforge)
          -> bugforge-writeups/cafeclub-writeup-bugforge.html
          (skipped - exists, use --force to overwrite)
[ 19/123] Galaxy Dash (Medium difficulty) writeup (BugForge)
          -> bugforge-writeups/galaxy-dash-medium-difficulty-writeup-bugforge.html
    [img] 1*TEKHTORnh3SLeZP4tKxfrQ.png (downloaded)
    [img] 1*hF0y51gYoloxu3mqjPGlrw.png (downloaded)
    [img] 1*8PoZUHckTBGs1lPB7EEJ6Q.png (downloaded)
    [img] 1*vYXM_R_pLeyqEmXt4wbHfA.png (downloaded)
    [img] 1*XOdYHndJ3-R_BLX-4RVbUA.png (downloaded)
    [img] 1*cPV8U6C9H9S2Hx-BjGUcrQ.png (downloaded)
    [img] 1*yk-9n0XH9qKfXZxqCsIvvw.png (downloaded)
    [img] 1*U7hrSyg0FwZB6MzPlXojow.png (downloaded)
    [img] 1*pcaAS7vEg1_Aj2nhShDxWg.png (downloaded)
    [img] 1*yjGz3pbXuefoAEI2W4P65g.png (downloaded)
    [img] 1*F9XmBZFLL13rQmgS7NtGvw.png (downloaded)
    [img] 1*S1mcuMdT6ea0K7y4xsF62g.png (downloaded)
    [img] 1*vBIAFbjIGhqD6nieT204Tg.png (downloaded)
    [img] 1*tyOWTJT9FCDvoQhu7_jn9A.png (downloaded)
    [img] 1*ecrzMDVXq2PGqi2Ynl_lRQ.png (downloaded)
[ 20/123] Cheesy Does It writeup (BugForge)
          -> bugforge-writeups/cheesy-does-it-writeup-bugforge.html
          (skipped - exists, use --force to overwrite)
[ 21/123] Tanuki writeup (BugForge)
          -> bugforge-writeups/tanuki-writeup-bugforge.html
          (skipped - exists, use --force to overwrite)
[ 22/123] good write-up man! -- skipped (no dest)
[ 23/123] CopyPasta writeup (Bugforge)
          -> bugforge-writeups/copypasta-writeup-bugforge.html
          (skipped - exists, use --force to overwrite)
[ 24/123] Sokudo writeup (Bugforge)
          -> bugforge-writeups/sokudo-writeup-bugforge.html
          (skipped - exists, use --force to overwrite)
[ 25/123] it's all good man! -- skipped (no dest)
[ 26/123] Ottergram writeup (Bugforge)
          -> bugforge-writeups/ottergram-writeup-bugforge.html
          (skipped - exists, use --force to overwrite)
[ 27/123] Cafeclub writeup (Bugforge)
          -> bugforge-writeups/cafeclub-writeup-bugforge.html
          (skipped - exists, use --force to overwrite)
[ 28/123] Cheesy Does it walkthrough (Bugforge)
          -> bugforge-writeups/cheesy-does-it-walkthrough-bugforge.html
    [img] 1*QoFQogJyfrup_ta4kBLceg.png (downloaded)
[ 29/123] Glad you like them! :-D -- skipped (no dest)
[ 30/123] Tanuki writeup (Bugforge)
          -> bugforge-writeups/tanuki-writeup-bugforge.html
          (skipped - exists, use --force to overwrite)
[ 31/123] mustacchio writeup (TryHackMe)
          -> thm-writeups/mustacchio-writeup-tryhackme.html
    [img] 1*i6zkN7Zx37RGem_WwUJkVA.png (downloaded)
    [img] 1*ohPJ2pjBoK9mpqwzIDQe-g.png (downloaded)
    [img] 1*0_G-J_07S3vcxip_7H2Cow.png (downloaded)
    [img] 1*i-Zlk5sM5idrHaXk-M-4Og.png (downloaded)
    [img] 1*vb9ybSV7BAdmai099BD19Q.png (downloaded)
    [img] 1*x5gbqG716ySXXR53rDP-DQ.png (downloaded)
    [img] 1*1BIoUghfM6pwxhqO-zaW1g.png (downloaded)
    [img] 1*QpFY2kTf9oIdpd5R2dlJZw.png (downloaded)
    [img] 1*1Nz3XqnkOTMA-0HGUbcdAw.png (downloaded)
    [img] 1*G3fy9YdtCs62BRbIUwhYpA.png (downloaded)
    [img] 1*Ha7m5YfU0C9chGvXNZKlbg.png (downloaded)
    [img] 1*Z7a5E0Y5ZzsPb0vFPwJsig.png (downloaded)
    [img] 1*HZL7v4EFxtHARPzzqcEqww.png (downloaded)
    [img] 1*uzhcg2_xOAK8kcX0PwlAxA.png (downloaded)
    [img] 1*-jnePNx9nJ0lepQXx5DjbA.png (downloaded)
    [img] 1*gpJBueGKAZM-0sTp6XPvQA.png (downloaded)
    [img] 1*fki-AdlsHoNL9GkAXRiSBQ.png (downloaded)
    [img] 1*yGecrcw91XLmocxoXtfC9A.png (downloaded)
[ 32/123] CopyPasta writeup (Bugforge)
          -> bugforge-writeups/copypasta-writeup-bugforge.html
          (skipped - exists, use --force to overwrite)
[ 33/123] Shady Oaks Financial writeup (Broken auth) (Bugforge)
          -> bugforge-writeups/shady-oaks-financial-writeup-broken-auth-bugforge.html
    [img] 1*N-XbEpYPVgyyIhhggWjhPg.png (downloaded)
    [img] 1*2ba7eV5hQxl88pE6El3csA.png (downloaded)
    [img] 1*7XbdFoo8ukro7B8UzqmmEw.png (downloaded)
    [img] 1*tbcRvzBoXZOg9v5SbAKHsQ.png (downloaded)
    [img] 1*atz0pvasuuMuyfOb2eH6Zg.png (downloaded)
    [img] 1*BMpMqd-dCx4daLI0whkr-Q.png (downloaded)
    [img] 1*qkJD-R8xJaSrLKH7rqy2dQ.png (downloaded)
[ 34/123] MesaNet writeup (hard)(Bugforge) (SQLi)
          -> bugforge-writeups/mesanet-writeup-hard-bugforge-sqli.html
    [img] 1*hAXqFoXeqn43BeZHlvnQlw.png (downloaded)
    [img] 1*iApC4p_9PhVFdiitawQk0g.png (downloaded)
    [img] 1*Oe-fhZcL9R2CuWQXefFtig.png (downloaded)
    [img] 1*9NeVGlzGgVXf0qDvuTJp-g.png (downloaded)
    [img] 1*XmtcHus_gf_73E8nFhgCVw.png (downloaded)
    [img] 1*cCJTwk0_zd8Is7gy93jIFw.png (downloaded)
    [img] 1*q78iHUbKne1PNNXJJWfJRQ.png (downloaded)
    [img] 1*HS-5BZQxj0e7gUtER9c1zA.png (downloaded)
    [img] 1*g9StW-6zeHGBHEmubHImGw.png (downloaded)
    [img] 1*lIq0E6xLXFWPqy0vQGPh6w.png (downloaded)
    [img] 1*MI8rw9j-l7y9W_StJXbFrQ.png (downloaded)
    [img] 1*08vgZBeSSBx6IL0V7SLC7Q.png (downloaded)
    [img] 1*TvpqeudfPSnddr6jy6yADA.png (downloaded)
    [img] 1*JXNEj_YFgeU_QlzwzIxsDA.png (downloaded)
    [img] 1*xX6Nh6k3NZMqx05-G-UBDQ.png (downloaded)
    [img] 1*23xhwRGweHo0aH_JeQKRkA.png (downloaded)
    [img] 1*52TnS3NJp4n9-X9wl_IlFg.png (downloaded)
    [img] 1*Oe-fhZcL9R2CuWQXefFtig.png (cached)
    [img] 1*f6acR5uaVGbvRVzfvKu3Ug.png (downloaded)
    [img] 1*1cLC5PXV9inmZyKWh4utrw.png (downloaded)
[ 35/123] CafeClub writeup (Business Logic) (Bugforge)
          -> bugforge-writeups/cafeclub-writeup-business-logic-bugforge.html
    [img] 1*a0Mm2loPLHRKK1XNsgElnA.png (downloaded)
    [img] 1*GJrUE4g5E5jMdI--mdD7Ww.png (downloaded)
    [img] 1*0iCqEsGgY3q2I98lXe7d3A.png (downloaded)
    [img] 1*co3sYl7APLi-3ICm_-Hk2w.png (downloaded)
[ 36/123] Ottergram writeup (Broken Auth) (Bugforge)
          -> bugforge-writeups/ottergram-writeup-broken-auth-bugforge.html
    [img] 1*ZQz6cdmn6QX6ioXm_lrvIQ.png (downloaded)
    [img] 1*S9HvMIhTCOuSl5x-YklMGQ.png (downloaded)
    [img] 1*nvLrMJIqK7qOGCdQcdu-bg.png (downloaded)
    [img] 1*jYCIruP0uOEAGnxzWQ6L-A.png (downloaded)
    [img] 1*FJRl4awyFS68hlvvJ_lDlw.png (downloaded)
    [img] 1*VtZJ8_EPcntVeiEfZp2wFQ.png (downloaded)
    [img] 1*JWD6DdTldjsE1GuvUUqlpA.png (downloaded)
    [img] 1*M0WeEBXTm6qVXljak78a_A.png (downloaded)
    [img] 1*eEmU_cLKuxo8db64OPghSw.png (downloaded)
    [img] 1*uv1_Au3ANpS0FOlY3nUQRQ.png (downloaded)
    [img] 1*tu8v6MolKYApoNQxM1DvTQ.png (downloaded)
    [img] 1*yRhkrP2pA5UKfOILiUPxXA.png (downloaded)
    [img] 1*zIy3JF3xTlAch2x67pJVlw.png (downloaded)
    [img] 1*-I83RwpPFYWtjuYiQxvd5w.png (downloaded)
    [img] 1*QV3MM9-HQdO6De2pOAsb4g.png (downloaded)
    [img] 1*LSPOYFFf9awgQlwZeM2A8Q.png (downloaded)
    [img] 1*CzIeQEv4FPkS8IfS6wcBjg.png (downloaded)
    [img] 1*ih81pxhcgxjkrRNDxHZvtQ.png (downloaded)
[ 37/123] "dumb the database" you mean "dump the database" ? -- skipped (no dest)
[ 38/123] Cheesy Does It (SQLi) writeup (Bugforge)
          -> bugforge-writeups/cheesy-does-it-sqli-writeup-bugforge.html
    [img] 1*B-kO9SSUIN4r5ax4YrtH-A.png (downloaded)
    [img] 1*EuLCXsKaaqfv0vIvFrhFuA.png (downloaded)
    [img] 1*-W3gVSEZSDPghFP_C4hlaA.png (downloaded)
    [img] 1*f80KDskDqypxNdx-1yf5cg.png (downloaded)
[ 39/123] CupidBot writeup (TryHackMe)
          -> thm-writeups/cupidbot-writeup-tryhackme.html
    [img] 1*zZusuf_DXqvi9ASGtplgJw.png (downloaded)
    [img] 1*9Rif5sjhqRMcVHePvNjwMw.png (downloaded)
    [img] 1*BDjmyQF6bmf3wrzeOxJ8Lw.png (downloaded)
[ 40/123] Hidden Deep Into my Heart writeup (TryHackMe)
          -> thm-writeups/hidden-deep-into-my-heart-writeup-tryhackme.html
    [img] 1*gSUgJudCEC-YDtl79XGLYA.png (downloaded)
    [img] 1*SP1KADZI4NVpPmVv7zvGpA.png (downloaded)
    [img] 1*ofD-TtsB--y3TEMnZDhYxQ.png (downloaded)
    [img] 1*MOwpeJo-iSLih26r20snGw.png (downloaded)
    [img] 1*f9kidkLDApM_AIaM5zZdLg.png (downloaded)
    [img] 1*u6b_kV1cG3ltBjirotQmjA.png (downloaded)
    [img] 1*x5b4AtnP0cAX_yA_1ZB-HA.png (downloaded)
    [img] 1*R9b9L5BMg4NpyvZVtBkb7w.png (downloaded)
[ 41/123] Galaxy Dash (XSS) (Medium) (Bugforge)
          -> bugforge-writeups/galaxy-dash-xss-medium-bugforge.html
    [img] 1*RzNr8fgj18fBDePMC8WlSA.png (downloaded)
    [img] 1*UNHDIk-ZthhCD_Uiv4fByg.png (downloaded)
    [img] 1*nfbykZygSzSKNiBqt1ORIw.png (downloaded)
    [img] 1*3VCCovE_SHGDTIKHQI8EQw.png (downloaded)
    [img] 1*xtnZD-PguTyihAb7gHujnA.png (downloaded)
    [img] 1*DAYYzuUIEyn_vBDYys0w-g.png (downloaded)
    [img] 1*mXVnUW_9qP2gYqMaJ6F_Pg.png (downloaded)
    [img] 1*geTOG7BgSVCT1yjoT8F6xQ.png (downloaded)
    [img] 1*AX_qL6jrV6mFqekd5eaCuA.png (downloaded)
    [img] 1*IAiyery5iLyjBe0CyFpUEQ.png (downloaded)
    [img] 1*HHZ8XuDGL5Ex0lFKjr9wfQ.png (downloaded)
    [img] 1*SNxenupby2QLk3zvxmPjHg.png (downloaded)
    [img] 1*IdxSQ0GV_T1bZ9rgfaLi3g.png (downloaded)
    [img] 1*bCRomJbHDIk-MZHpcEfGAA.png (downloaded)
    [img] 1*Fs7SWOzHPl76XfxnCfq8Gg.png (downloaded)
    [img] 1*CS07PaegDxGGBTgrsMZijg.png (downloaded)
[ 42/123] CopyPasta writeup (BAC) (Bugforge)
          -> bugforge-writeups/copypasta-writeup-bac-bugforge.html
    [img] 1*GaGfB5mUY5qROvA2X3LAVQ.png (downloaded)
    [img] 1*GHBbvH1HWJ0CAUVAz-Le8A.png (downloaded)
    [img] 1*PzJ5vK_MYpURAh8wzXGqrg.png (downloaded)
    [img] 1*yWb6y4q3fQTExnoSvhQyTA.png (downloaded)
    [img] 1*RGegzPHkLPW7upke1b58JA.png (downloaded)
[ 43/123] Gift List writeup (IDOR) (Bugforge)
          -> bugforge-writeups/gift-list-writeup-idor-bugforge.html
    [img] 1*9EXBTCE_IJqBdlK3y425Iw.png (downloaded)
    [img] 1*u-E6-6X9i_XqmrMZjX5Vjg.png (downloaded)
    [img] 1*SPmgSB6chMBVYzwMgfZzoA.png (downloaded)
    [img] 1*ecuQPU9Z01fxjc4_hniN1Q.png (downloaded)
    [img] 1*LK-gVRF903z4-2bdTBZNrg.png (downloaded)
    [img] 1*_tD6GsZ-2Uz9e9Upg3XGiw.png (downloaded)
[ 44/123] Ottergram writeup (LFI) (Bugforge)
          -> bugforge-writeups/ottergram-writeup-lfi-bugforge.html
    [img] 1*s1pDn0Dft0pDq17eq2clzQ.png (downloaded)
    [img] 1*JvDd1-mfiyqe7lCoyVpHXw.png (downloaded)
    [img] 1*yUTRwrw_B3vd31Pv8IAJGQ.png (downloaded)
    [img] 1*Jlhp_FQKgeMWvQWsT9Z3sw.png (downloaded)
[ 45/123] Shady Oaks Financial writeup(Race Condition) (Bugforge)
          -> bugforge-writeups/shady-oaks-financial-writeup-race-condition-bugforge.html
    [img] 1*Q0rzMXxTMcrjQiF3Eo2LQA.png (downloaded)
    [img] 1*CfYue7YuZVHOXKIf9tE8vg.png (downloaded)
    [img] 1*T5ALtjklEnS82aZORz4SVg.png (downloaded)
    [img] 1*XMcCYMHY0rkUux24vX2blQ.png (downloaded)
    [img] 1*LFpLBojbXJyPM7gfOZxb6Q.png (downloaded)
    [img] 1*0pAHcFdvg5SSkzw3M9UqLA.png (downloaded)
    [img] 1*qHqc0EwoG8FwFWpZGF69xg.png (downloaded)
    [img] 1*G-YQGUXDGlkwRA0D29kufw.png (downloaded)
    [img] 1*Q01rVe0DZdEx_loZzr_uEg.png (downloaded)
    [img] 1*311alfgTsuUeTYasrZBRXA.png (downloaded)
[ 46/123] Great write up! -- skipped (no dest)
[ 47/123] How I Became a PAPA (Practical AI Pentest Associate) by TCM
          -> gensec/how-i-became-a-papa-practical-ai-pentest-associate-by-tcm.html
    [img] 1*an6Ikx3iNR0hYcq1eZdOUQ.jpeg (downloaded)
[ 48/123] Cheesy Does it writeup (Business Logic flaw)(Bugforge)
          -> bugforge-writeups/cheesy-does-it-writeup-business-logic-flaw-bugforge.html
    [img] 1*I1OUjcr62vvzn566o25dgg.png (downloaded)
    [img] 1*k1QPoVs93UPWtVeyAYof3w.png (downloaded)
    [img] 1*sWRh2iD3_NsB0acZGMnvaw.png (downloaded)
    [img] 1*8kmbf3MGb0RVgrYs_tz1Vw.png (downloaded)
    [img] 1*bUsiGxXnjDXG-Pdm6RPHvA.png (downloaded)
    [img] 1*IFOh_DZCQnKFiB3fiK1AJg.png (downloaded)
    [img] 1*XlOrmKswZYyZTUNh_6lsXw.png (downloaded)
[ 49/123] Furhire writeup (MFA Bypass) (Medium)(Bugforge)
          -> bugforge-writeups/furhire-writeup-mfa-bypass-medium-bugforge.html
    [img] 1*rndy1-Nnnj5Pp90CaJ7Qhw.png (downloaded)
    [img] 1*OZKI8bIEpGBCUEczPxWYDQ.png (downloaded)
    [img] 1*HFLgeQOwBkibFslzgOAP-g.png (downloaded)
    [img] 1*VleH8JdE5PA2CDp9_HFqwQ.png (downloaded)
    [img] 1*2lNNUyVIp9-X_RDw0CIfKg.png (downloaded)
    [img] 1*YbtejM4iUyzD2r0z34rN0g.png (downloaded)
    [img] 1*q5-VcGvAiAqb4an90ej9VA.png (downloaded)
    [img] 1*4qdGPpFYqoT55sq0OrcaTA.png (downloaded)
    [img] 1*aaQ9_Ut9AEXGtgu_ybHahw.png (downloaded)
[ 50/123] Copypasta writeup (BAC) (Bugforge)
          -> bugforge-writeups/copypasta-writeup-bac-bugforge.html
          (skipped - exists, use --force to overwrite)
[ 51/123] Great review! I'm going to add a link to your review on mine if that's -- skipped (no dest)
[ 52/123] Sokudo writeup (API9:2023) (Bugforge)
          -> bugforge-writeups/sokudo-writeup-api9-2023-bugforge.html
    [img] 1*M7JCKBFfGE-qbmAY9ECz9g.png (downloaded)
    [img] 1*oJNG24N-Cbhq2-5An-wPLA.png (downloaded)
    [img] 1*ebNa9pB7ybuVUOQ2QycLkg.png (downloaded)
    [img] 1*uJfd1QJ9AC6k2SvC4_4dfA.png (downloaded)
    [img] 1*Yn_9TlUDG84OHXKI4doTAw.png (downloaded)
    [img] 1*Bi3e6M83s-hG5vc5Z6EXzA.png (downloaded)
    [img] 1*iZ3BbVRZ4I9XzMf3gtuQjw.png (downloaded)
    [img] 1*UQ-WZ0bTcTnG-Qr5v341vA.png (downloaded)
[ 53/123] Thanks for the review. -- skipped (no dest)
[ 54/123] Ottergram writeup (BAC) (Bugforge)
          -> bugforge-writeups/ottergram-writeup-bac-bugforge.html
    [img] 1*s1pDn0Dft0pDq17eq2clzQ.png (downloaded)
    [img] 1*Nn0dZuEIU9bcVGe0IR_19g.png (downloaded)
    [img] 1*J9iAXm0SeJBdScwK91xGFg.png (downloaded)
    [img] 1*2E9PAtqcV4-kntzs9tuX7g.png (downloaded)
    [img] 1*INmtZH9OpXfNzZsU79hh9Q.png (downloaded)
    [img] 1*omgiJBHWxViN-woyZI3sXw.png (downloaded)
[ 55/123] Shady Oaks Financial writeup (BFLA) (Bugforge)
          -> bugforge-writeups/shady-oaks-financial-writeup-bfla-bugforge.html
    [img] 1*X9FNo5MHhDHUD-KdPIkp-g.png (downloaded)
    [img] 1*hM4UOoLd98qE_PNJhRLJvw.png (downloaded)
    [img] 1*MRUxKzK-yIZ_Kik8Wxv29Q.png (downloaded)
    [img] 1*He8nRytRfSsJxGMclvWoNQ.png (downloaded)
    [img] 1*7SXN4LC6VghjMhKGCJJBDg.png (downloaded)
[ 56/123] CafeClub writeup (LFI) (Bugforge)
          -> bugforge-writeups/cafeclub-writeup-lfi-bugforge.html
    [img] 1*bf8EI4dhs34EdL4LTjOgzg.png (downloaded)
    [img] 1*C28IpDeo64OMJz12YXACcw.png (downloaded)
    [img] 1*OxQfR3KD84aqbr6vyQAspA.png (downloaded)
    [img] 1*aNLdd_Xgv-L25gWOHJcEsw.png (downloaded)
[ 57/123] Galaxy Dash writeup (SQLi) (Bugforge)
          -> bugforge-writeups/galaxy-dash-writeup-sqli-bugforge.html
    [img] 1*cgMJ5jPyXen5B9leVD-ZQg.png (downloaded)
    [img] 1*ia2RoOnFdbDkoX0JAdRF8Q.png (downloaded)
    [img] 1*26yAUpiGPT4rQE0WJyQ2mw.png (downloaded)
    [img] 1*ToPN8-IKcUHq6yjPv4c05Q.png (downloaded)
    [img] 1*gbpOjq7vj8KV09Fn3BnIQA.png (downloaded)
    [img] 1*enJCDWw42KmpHaTyL6P1Gg.png (downloaded)
    [img] 1*jRZ6zaPrnHgAYf5MHTBSfg.png (downloaded)
    [img] 1*3SNA36ueQgevjYtue3jwMw.png (downloaded)
    [img] 1*9gMUrBsONCSBtdlcMxjLKw.png (downloaded)
    [img] 1*g8usN-jE-sFqhP3NRdk7kw.png (downloaded)
    [img] 1*792j3aI8wJ9kDwZReziLxA.png (downloaded)
    [img] 1*I_pas5yG4qwv_Wjg6dg0XA.png (downloaded)
[ 58/123] Copypasta (SQLi) (Bugforge)
          -> bugforge-writeups/copypasta-sqli-bugforge.html
    [img] 1*esaP0HbK9FTz-CrLPEszZA.png (downloaded)
    [img] 1*h69H-g1JIhKkA2j64V3_mQ.png (downloaded)
    [img] 1*k9yDknHaNeRVmDp_TOeaHQ.png (downloaded)
    [img] 1*Yq73TBeR9ep9H-fpFwfD2Q.png (downloaded)
    [img] 1*jxx2Sk_Oq0UTLc1_bYWUcg.png (downloaded)
    [img] 1*4LAUj9Vqkw0C5KiOkoj7qA.png (downloaded)
    [img] 1*xNX4zhq17g8sv0hlYSLDmA.png (downloaded)
    [img] 1*AoyOYJL80wXdHT-v3MUfBg.png (downloaded)
    [img] 1*tdb6ojVBrG0JT_ih_wnqXA.png (downloaded)
    [img] 1*zVwDx29Vfxly2KkrIYDlow.png (downloaded)
[ 59/123] Tanuki (SSRF) (Bugforge)
          -> bugforge-writeups/tanuki-ssrf-bugforge.html
    [img] 1*yforSIkiKg7RFhh9Zb2dQg.png (downloaded)
    [img] 1*thNpPpViFMnhVBJYAOsQWw.png (downloaded)
    [img] 1*jF1GxxflJ-fb2tODMoYUzQ.png (downloaded)
[ 60/123] Cheesy Does It writeup (BLF) (Bugforge)
          -> bugforge-writeups/cheesy-does-it-writeup-blf-bugforge.html
    [img] 1*FDbVYAbkuuN9TBjga_ZJtQ.png (downloaded)
    [img] 1*P9X5YZWio0-OQ0hwFwXESg.png (downloaded)
    [img] 1*YXt1wwF_0eIEtkOzDsX5CQ.png (downloaded)
    [img] 1*W1qHh4beDiUmEKvKeTufmQ.png (downloaded)
    [img] 1*X730RFV7Z00po69mqJmEbA.png (downloaded)
[ 61/123] ExpressWay writeup (HackTheBox)
          -> htb-writeups/expressway-writeup-hackthebox.html
    [img] 1*0mYGJudrJDPa6_8RwqjzZw.png (downloaded)
    [img] 1*zSBA78Sbwi6UBK8v-oskgw.png (downloaded)
    [img] 1*SsRQ95ju4Pg9aqt9vsunwQ.png (downloaded)
    [img] 1*yG081ZBNflMfgF_goaWzbQ.png (downloaded)
    [img] 1*ADolhEAo47qFElMeMgVmmw.png (downloaded)
    [img] 1*6jivpOoMW_MYz4JYKz57LA.png (downloaded)
    [img] 1*_AeKj4CJC4IumZuQrZds-w.png (downloaded)
    [img] 1*jKY0YF1mDtRSQ6zp2IsN4w.png (downloaded)
    [img] 1*x93iC1NxrvNW2-cxYRyODA.png (downloaded)
    [img] 1*eX9txfezbNcnGC7n8gDoOA.png (downloaded)
[ 62/123] Cheesy Does It (Business Logic Vuln) (Bugforge)
          -> bugforge-writeups/cheesy-does-it-business-logic-vuln-bugforge.html
    [img] 1*mbHpxCa523HxmL0R_DuRxg.png (downloaded)
    [img] 1*WKk6oIlcbhSfCeZowiwbDQ.png (downloaded)
    [img] 1*zdEnv_gDZt4AxxW9QbGlQQ.png (downloaded)
    [img] 1*Vt3aU2h5Znl7ku0WeWu7-w.png (downloaded)
    [img] 1*Cgdx2vlI1oQo9VoQ8iF5_g.png (downloaded)
    [img] 1*H0LTkkLSAHEqI4QTTx7mPA.png (downloaded)
    [img] 1*3wbZ4tHbWoQrik8PP7Qg7A.png (downloaded)
[ 63/123] Gift Lab (BAC) (Bugforge)
          -> bugforge-writeups/gift-lab-bac-bugforge.html
    [img] 1*G0M3HEBW2Vq9DKuzJBXrGw.png (downloaded)
    [img] 1*ZJXcg8qiQAM3itXpF2WCeg.png (downloaded)
    [img] 1*O7nwDwcqaAno2oh-Yce5Ow.png (downloaded)
    [img] 1*6RAQ76wf1uSdLUIugfau7A.png (downloaded)
    [img] 1*YGugYevEPxrFngq-UjKAHQ.png (downloaded)
    [img] 1*bUWhTwnmd5Urmz-D4bsRXA.png (downloaded)
[ 64/123] MesaNet (OTP Bypass) (Hard) (Bugforge)
          -> bugforge-writeups/mesanet-otp-bypass-hard-bugforge.html
    [img] 1*4Hgs53Ba150vBPMNZpZOqA.png (downloaded)
    [img] 1*wECX7IJE_GKBXL0GqL49cg.png (downloaded)
    [img] 1*5cBkdHwwDhv5LiN7kVMgwg.png (downloaded)
    [img] 1*59Mqro4R22Znni7f_Hit-Q.png (downloaded)
    [img] 1*5ZaLpDEmFWGQujI9JZUfSw.png (downloaded)
    [img] 1*MrKc6cRYq6uA2qDOqkLQQQ.png (downloaded)
    [img] 1*Z_cKCQuZAovF7M-T2WTgXg.png (downloaded)
    [img] 1*y7P9IESEPLysahnEdYCgFQ.png (downloaded)
    [img] 1*Xj5_jkapDK_IBapC4k_qAg.png (downloaded)
[ 65/123] Ottergram (websockets) Bugforge
          -> bugforge-writeups/ottergram-websockets-bugforge.html
    [img] 1*s1pDn0Dft0pDq17eq2clzQ.png (downloaded)
    [img] 1*IBaFm5nCf5WyYpQ_qAz2PQ.png (downloaded)
    [img] 1*kV5p1m6k-0rU0w2o73Wjgg.png (downloaded)
    [img] 1*ikPyncCGe9LOPWywII31yQ.png (downloaded)
    [img] 1*UW0Z5mONbTIjcv0GnqeUbw.png (downloaded)
    [img] 1*g0pbTYTyEdNahXgDgk5LcA.png (downloaded)
    [img] 1*oHy3b2ieD9W63NLM4J9vaw.png (downloaded)
    [img] 1*YUydBdaG2xSShUWDsz8fSg.png (downloaded)
[ 66/123] Galaxy Dash (BAC) Walkthrough (Bugforge)
          -> bugforge-writeups/galaxy-dash-bac-walkthrough-bugforge.html
    [img] 1*cgMJ5jPyXen5B9leVD-ZQg.png (downloaded)
[ 67/123] Ottergram (XSS) Bugforge (Live Stream)
          -> bugforge-writeups/ottergram-xss-bugforge-live-stream.html
[ 68/123] CafeClub writeup (IDOR) Bugforge
          -> bugforge-writeups/cafeclub-writeup-idor-bugforge.html
    [img] 1*irZBOfGk0mhTjrjdljWMEw.jpeg (downloaded)
[ 69/123] Necromancers Notebook (JWT) (Bugforge)
          -> bugforge-writeups/necromancers-notebook-jwt-bugforge.html
    [img] 1*gBE-n_i6sH9p1sy8rmXWRw.png (downloaded)
[ 70/123] CafeClub (Business Logic) (Bugforge.io)
          -> bugforge-writeups/cafeclub-business-logic-bugforge-io.html
    [img] 1*PS_jl4D3dK3VR7bJnzugMA.png (downloaded)
    [img] 1*Imcs3WsYjU5UJay0obTzdQ.png (downloaded)
    [img] 1*6HXWj5P2pu6dswhDhfgoxg.png (downloaded)
    [img] 1*j9T_O0xl4KvdvQlLccbPvw.png (downloaded)
    [img] 1*le9mW4XGafRT-xgsfC5YEA.png (downloaded)
[ 71/123] Tanuki (JWT) (Bugforge.io)
          -> bugforge-writeups/tanuki-jwt-bugforge-io.html
    [img] 1*-UpkUcRMqZigRCNtE_fnRA.png (downloaded)
    [img] 1*PdbuLvyKlpikglU7kKYZaw.png (downloaded)
    [img] 1*mcUjr4Bse7XfooHLpNEhTg.png (downloaded)
    [img] 1*7eZE6j76jeDY6KySIFxNEA.png (downloaded)
[ 72/123] Gift Lab (BAC) Bugforge
          -> bugforge-writeups/gift-lab-bac-bugforge.html
          (skipped - exists, use --force to overwrite)
[ 73/123] Shady Oaks Financial (JWT) Bugforge.io
          -> bugforge-writeups/shady-oaks-financial-jwt-bugforge-io.html
    [img] 1*X9FNo5MHhDHUD-KdPIkp-g.png (downloaded)
[ 74/123] Tricky Tunnels - WebVerse
          -> webverse-writeups/tricky-tunnels-webverse.html
    [img] 1*Q_h8E5PD6oGS3rsYQC-XEQ.png (downloaded)
    [img] 1*coIkfdMTcaIGuzYliQ6Qug.png (downloaded)
    [img] 1*Th8XseH9fcCXDbE2L4ebvg.png (downloaded)
    [img] 1*86bFLAD38nICf_K6erqyVA.png (downloaded)
    [img] 1*sAIQHm2k0NkTwmwjwa7gUg.png (downloaded)
    [img] 1*NtRpYpmfeaWRut4ZYuN9UQ.png (downloaded)
    [img] 1*aPa1MSeWzVBdBtipr6SDCQ.png (downloaded)
    [img] 1*aRdlDb1B8HX8l6ice2FnGg.png (downloaded)
    [img] 1*UYcxpEyMUjlibXCsMxA2qw.png (downloaded)
    [img] 1*eQfJGpsfQbhAwZRChJeBGQ.png (downloaded)
    [img] 1*gy4me4-vMrU6BkMtzeHeeQ.png (downloaded)
[ 75/123] DocketHive - WebVerse
          -> webverse-writeups/dockethive-webverse.html
    [img] 1*vUipBQdhNtFllgSh2-D-SQ.png (downloaded)
    [img] 1*86iONS-FxN8zcORAANkm6A.png (downloaded)
    [img] 1*U4ODRzJ1fVWg9ZKQyt6s-Q.png (downloaded)
    [img] 1*Md3VPJuPIBYQE2wv7h8fhQ.png (downloaded)
    [img] 1*cZ3xi37X-XAztOTouvQTWQ.png (downloaded)
    [img] 1*ozyqYeJWqOJjDWfpcGrKKg.png (downloaded)
    [img] 1*HBMQ6OuB_qTN_jbmo5d2DA.png (downloaded)
    [img] 1*8y6Vklyd_osuNX5gBdqn_A.png (downloaded)
    [img] 1*5UgeiX-WS1juVyp9N5vJdw.png (downloaded)
    [img] 1*o2fWtHXVw79dGIiTaahGAw.png (downloaded)
    [img] 1*WNIfr0q6H5by7BvExbUVAg.png (downloaded)
    [img] 1*y9DkToY3f8O3LBwPCC6MwA.png (downloaded)
    [img] 1*4HlKgp2w-kKXfDY9BhoFSQ.png (downloaded)
    [img] 1*zspEb2zqbAwSph9DBL0adw.png (downloaded)
    [img] 1*IrP8y8kr0KT8BLtXX_hiOA.png (downloaded)
[ 76/123] Fixture - WebVerse (Medium)
          -> webverse-writeups/fixture-webverse-medium.html
    [img] 1*SXoY9RlHIRC89uq8DWMF8w.png (downloaded)
    [img] 1*G9giDT989aX4YqbN5Umr8Q.png (downloaded)
    [img] 1*9waSU_yJwsfIQ2WOJJtrqg.png (downloaded)
    [img] 1*4BdGXJY4VivktnP_kFTbxg.png (downloaded)
    [img] 1*pppmDfp4i7aA9SzxZqV0Zw.png (downloaded)
    [img] 1*kiS5GocrruhVO0eBo9Uhgw.png (downloaded)
    [img] 1*W7htGr3FM0Yo-EwXftX33A.png (downloaded)
    [img] 1*qhKqwRgIIzK2Ms3mNpEzYw.png (downloaded)
    [img] 1*OEWtrYyQXUi-lXKg8J07Cw.png (downloaded)
    [img] 1*GqeBVB4aZKmyviLEt2-AXA.png (downloaded)
    [img] 1*lrxJmpEVAdIwddwEGAObeQ.png (downloaded)
    [img] 1*or_i1aaxaA1usXLbVDubLg.png (downloaded)
    [img] 1*Q2QsUGuXC8o5A454VY7DvA.png (downloaded)
    [img] 1*3FlDraUOnluL1pfYSrEXZA.png (downloaded)
    [img] 1*amUDKiyB2Gx_9uTfcKBIxg.png (downloaded)
    [img] 1*kB1aUI5PH_5DgDJiS5r7Nw.png (downloaded)
    [img] 1*SDk05tatywBVqQYzgCSFmg.png (downloaded)
    [img] 0*NZxnpVetUHbdGSSU (downloaded)
    [img] 1*8acIUtbLqtLkcZlZAwMrlA.png (downloaded)
    [img] 1*LJhmsCi2fkLJ1nui-XDkuQ.png (downloaded)
    [img] 1*orzJp_ab547tWuXoMh_nsA.png (downloaded)
    [img] 1*-aLM3bKL5PJy5E53Pc36UQ.png (downloaded)
    [img] 1*gAmU7um7MtAWl-sauD8fNQ.png (downloaded)
    [img] 1*FMA4XWpi6XUx6iQY4mPh4w.png (downloaded)
    [img] 1*UfTBzxZrxGeKHL1U3llPMw.png (downloaded)
    [img] 1*T5Tm7GsM2APA16eg_GGv6Q.png (downloaded)
[ 77/123] Parcel (SQLi) WebVerse Writeup
          -> webverse-writeups/parcel-sqli-webverse-writeup.html
    [img] 1*2YxzgZcZGI-Atl3_AeVqOg.png (downloaded)
    [img] 1*2NWL4zumQLLE8JjoOBq6rA.png (downloaded)
    [img] 1*ge-ECqGegX3UT25xKIG78A.png (downloaded)
    [img] 1*TH2ZPhphjPO2wSMviPBQhw.png (downloaded)
    [img] 1*J_ETYeU0bo9NjlHdTzLzxg.png (downloaded)
    [img] 1*5GowYpSMKR6j35xIelHqOw.png (downloaded)
    [img] 1*NYI6cFS5yeFK7vZCxvN-uQ.png (downloaded)
    [img] 1*EFw2OSCuPfLVievN44flEA.png (downloaded)
    [img] 1*RGVDmXHBdlvK0aicSAIuXQ.png (downloaded)
    [img] 1*motGNgyWv9iqNZc8dxe5QQ.png (downloaded)
[ 78/123] Sokudo (GraphQL) Bugforge
          -> bugforge-writeups/sokudo-graphql-bugforge.html
    [img] 1*MtrnuqxQh_XnE5CoBECdqg.png (downloaded)
    [img] 1*pBmmxXS564jNLQl4XhDZEQ.png (downloaded)
    [img] 1*5DNzIudyorBz3gXJpHqCgA.png (downloaded)
    [img] 1*uyEFN9kEdqWgezznCrYFzg.png (downloaded)
    [img] 1*BhLCqP24BoOdylKxte8v6A.png (downloaded)
    [img] 1*LaxOfMRxRSr1bF6U4hngvA.png (downloaded)
    [img] 1*GUU6bHT2TpBb4x06sONbDg.png (downloaded)
    [img] 1*gpOdaDCoe0AkMSrDqqG7Kg.png (downloaded)
    [img] 1*UK9d11cWx994w2TG58SkaA.png (downloaded)
    [img] 1*t0jqGIPDA29DooPVOOm-aA.png (downloaded)
    [img] 1*OsWNG9u8-9b3tkZ9DbYLGg.png (downloaded)
    [img] 1*UZeqxCas2Ql7z6pI7azMzA.png (downloaded)
    [img] 1*efkOyl3vVZp5wyrc2eX_ig.png (downloaded)
[ 79/123] Mirage (LFI) WebVerse
          -> webverse-writeups/mirage-lfi-webverse.html
    [img] 1*dDfgzKRmawx3wKxmU7ntUg.png (downloaded)
[ 80/123] Breach - WebVerse (GraphQL)
          -> webverse-writeups/breach-webverse-graphql.html
    [img] 1*LcBSlsRDkLUHRczTVoTpiA.png (downloaded)
    [img] 1*rQ_72z9G9Y9p52A0V55X8w.png (downloaded)
    [img] 1*Orlog5E0bWiX5fj3DfNr3A.png (downloaded)
    [img] 1*csWCosH8iWCjEzunLLkDVw.png (downloaded)
    [img] 1*QCr8eyuMRPQe2yBSo76POA.png (downloaded)
    [img] 1*0gTwXS_soFVdIfgt71NUSw.png (downloaded)
    [img] 1*TWIRqK_G0Ja3YMjZZ6-gTQ.png (downloaded)
[ 81/123] Ottergram (BAC) (VerbTamper) Bugforge
          -> bugforge-writeups/ottergram-bac-verbtamper-bugforge.html
    [img] 1*byNgJTEkMMKV8Yvvbg0XHw.png (downloaded)
[ 82/123] Quarter Shift (GraphQL + SSRF) WebVerse
          -> webverse-writeups/quarter-shift-graphql-ssrf-webverse.html
    [img] 1*XgWHHdWUAd86DMfGhq1GPg.png (downloaded)
    [img] 1*ZuZnTIJt4aYi6aTKEV4sLA.png (downloaded)
    [img] 1*WQfsr9OgZjmk8kObrCp42Q.png (downloaded)
    [img] 1*OxfWcDzPVw11NqNvD6O4-w.png (downloaded)
    [img] 1*ssAKh7iTaTz5aZ6L5JPnXQ.png (downloaded)
    [img] 1*Jjn4cvzURsldC4Q4KEr8NA.png (downloaded)
    [img] 1*YvIDAj4fzm4FaxUV1_-8AA.png (downloaded)
    [img] 1*qad0y8ba27vbvdXAFaP1TQ.png (downloaded)
    [img] 1*46Ik9wkZDvobBYRPiSDOvA.png (downloaded)
    [img] 1*lf8P_WOGmtXAube2w_pSmQ.png (downloaded)
    [img] 1*0Alf4UQxKYDPdeI87ry-QQ.png (downloaded)
    [img] 1*a3j_ihhFHjxF7guWZbhT2w.png (downloaded)
    [img] 1*NdAdwXhAZDE0Xo-8aq0vrA.png (downloaded)
    [img] 1*e0USBQ5agUjE1a17-ohNSw.png (downloaded)
    [img] 1*eKmKbLLoygaHpMklpPMwxQ.png (downloaded)
[ 83/123] Tanuki (BAC) Bugforge.io
          -> bugforge-writeups/tanuki-bac-bugforge-io.html
    [img] 1*0Ylc_cMtz0WKf-2iKSnUvw.png (downloaded)
[ 84/123] Method-based access control can be circumvented - Portswigger Academy
          -> gensec/method-based-access-control-can-be-circumvented-portswigger-academy.html
[ 85/123] Insecure direct object references — Portswigger Academy Lab
          -> gensec/insecure-direct-object-references-portswigger-academy-lab.html
[ 86/123] DiceForge (RCE) Bugforge
          -> bugforge-writeups/diceforge-rce-bugforge.html
    [img] 1*gjZpMBTA761iGMjpnMs8oQ.png (downloaded)
    [img] 1*TCB_29XK7w0-XU6Yy3H2Xw.png (downloaded)
    [img] 1*nj3dt8ivJbq9kAzhLpqj4w.png (downloaded)
    [img] 1*-646fz33ZeLqTHob8-3U7w.png (downloaded)
    [img] 1*tRby6XTX1wqKClALdVoWbA.png (downloaded)
    [img] 1*0EIKIArFv70jZ3CEspmCKA.png (downloaded)
    [img] 1*S9sxlV5vhcULvx5Nk83c0A.png (downloaded)
    [img] 1*T-1pTt3Tj_af2_GXP1QKNg.png (downloaded)
[ 87/123] Cheesy Does It (JWT) Bugforge.io
          -> bugforge-writeups/cheesy-does-it-jwt-bugforge-io.html
    [img] 1*r1CO_2yfwY6FRPpSf42QDw.png (downloaded)
    [img] 1*tLGZ435IOMyD_XbNYk0_sA.png (downloaded)
    [img] 1*FizjtVgwB3SAHMy9JOaT_A.png (downloaded)
    [img] 1*tlpYbHtcCtfKV6jT31Kx1Q.png (downloaded)
    [img] 1*jiwzklN5Pzo9PgZqCCEQ_g.png (downloaded)
    [img] 1*nF9FJKQ-7uOHtohU2CeHqQ.png (downloaded)
    [img] 1*bmRU70uBImK7VO30LNf01g.png (downloaded)
    [img] 1*ZUP8otCjIBkFXjgejlh0Tg.png (downloaded)
    [img] 1*nP4jR7-vAVi06VE1SCglkQ.png (downloaded)
[ 88/123] CopyPasta (BAC) Bugforge.io
          -> bugforge-writeups/copypasta-bac-bugforge-io.html
    [img] 1*HrJf3hA8mOZHEeCrIo2chg.png (downloaded)
[ 89/123] OutBox (SSTI) WebVerse
          -> webverse-writeups/outbox-ssti-webverse.html
    [img] 1*3YJiu5utAZjKviC34FrliA.jpeg (downloaded)
    [img] 1*qjOl3kQC7o_ufQmJ5DNDHw.png (downloaded)
    [img] 1*lWn9Oi0Zl4yWc_f5qaJ0Dg.png (downloaded)
    [img] 1*Q2yEO_ZQZrMP9Zg_vlaqPw.png (downloaded)
    [img] 1*v7omINeeTTq8FXJxidu1iA.png (downloaded)
    [img] 1*z4HZpyjZPIAvnzIF65K7Rw.png (downloaded)
    [img] 1*t4t7fyZJlOaz4COsLv4q7g.png (downloaded)
    [img] 1*kt95_0Z-FoD6KLZM5Osczg.png (downloaded)
    [img] 1*xs8_ENv_QjpSH3lgpnsY3A.png (downloaded)
[ 90/123] Sprocket Line (RXSS) WebVerse
          -> webverse-writeups/sprocket-line-rxss-webverse.html
[ 91/123] DiceForge (Bypass Paywall) Bugforge.io
          -> bugforge-writeups/diceforge-bypass-paywall-bugforge-io.html
    [img] 1*JFC2DPM6bLJGQ_vsj1HniQ.png (downloaded)
[ 92/123] NewsForge (BFLA) WebVerse
          -> webverse-writeups/newsforge-bfla-webverse.html
    [img] 1*acIIdw4V1Dhl3paq1aYD7g.png (downloaded)
    [img] 1*esIocePeB6J4I1aBTWpSfQ.png (downloaded)
    [img] 1*W26Tppy8uNSKdiL1JJbnXA.png (downloaded)
    [img] 1*oXfKepLjI-Ks_-E6aX-E9g.png (downloaded)
    [img] 1*Js3NYkO2zgNz4Wec8JNugA.png (downloaded)
    [img] 1*TBCMOsbDIDexB0dK0DT9xA.png (downloaded)
    [img] 1*qPtkmH9xddHvFUVGFWDF7g.png (downloaded)
[ 93/123] Ottergram (GraphQL) Bugforge.io
          -> bugforge-writeups/ottergram-graphql-bugforge-io.html
    [img] 1*TELA2OxS4Tcg6_bydaig2w.png (downloaded)
    [img] 1*oqfObtcEgfTto5L6oa_cAg.png (downloaded)
    [img] 1*fmdfkQlSRyh0dYpwuFBPFA.png (downloaded)
    [img] 1*4GAgYX3EYG1L_1b1d-PjEQ.png (downloaded)
    [img] 1*pVQPBGODnvl7SLr4yknXJQ.png (downloaded)
    [img] 1*YLabsKKs7odn-oDG3Y7_RA.png (downloaded)
    [img] 1*7C31tTEO5zpbjZroKwpZIA.png (downloaded)
[ 94/123] Sunnyside Daycare (SSTI) WebVerse
          -> webverse-writeups/sunnyside-daycare-ssti-webverse.html
    [img] 1*D6xyqy4-7K_7F1YB3U01ug.png (downloaded)
    [img] 1*JRsXe9PLedGxRa6Psgrbgw.png (downloaded)
    [img] 1*2EokSBKvqXqEiEMa02OjDA.png (downloaded)
    [img] 1*1mtEpdDlrjQZUN2H3LPE4A.png (downloaded)
    [img] 1*4nN88JT85XZH_CzxLiyVjg.png (downloaded)
    [img] 1*gxE9X63QSJ7gFpmIQAZJIA.png (downloaded)
    [img] 1*-DiJhM4FwMruMdVqad7Ugw.png (downloaded)
    [img] 1*tS1nRWUZPWHxP4AMunN1yw.png (downloaded)
    [img] 1*zWbJ3V7wfeAh6LoP-TGM9A.png (downloaded)
    [img] 1*Qwiye_ldVHED5Jy4L8a07Q.png (downloaded)
    [img] 1*q0sNd5FNN0buuIEnvLr0Aw.png (downloaded)
[ 95/123] Furhire (SSRF) (Weekly) Bugforge.io
          -> bugforge-writeups/furhire-ssrf-weekly-bugforge-io.html
    [img] 1*zDbHD1tkNRZgSZAvW2uzkw.png (downloaded)
    [img] 1*fN8LdsA017LoaAlG5Q9khA.png (downloaded)
    [img] 1*aKqLQOmEwre8R7TEhM6zBA.png (downloaded)
    [img] 1*RAbYbLJxsXrZ2cGqcGY0-w.png (downloaded)
    [img] 1*A_n5yf341JNSmMF3X25n8Q.png (downloaded)
    [img] 1*xG6wSD73Gc16itFNNYBT7Q.png (downloaded)
[ 96/123] bookmarking. Will read this. I love digimon too. -- skipped (no dest)
[ 97/123] Phone Vault (Official writeup) WebVerse
          -> webverse-writeups/phone-vault-official-writeup-webverse.html
    [img] 1*xg6XcivWdN4fSxybQEj2jQ.png (downloaded)
    [img] 1*kYXYSr6dhCZu4LEoJ72rvQ.png (downloaded)
    [img] 1*UawHqUOJtK4OaQxB_zRGpA.png (downloaded)
    [img] 1*LE3mANPdFFpVLEEcFesiPA.png (downloaded)
    [img] 1*k0zot9BAxX3B6QK7bIos9A.png (downloaded)
    [img] 1*x4nQu8YUSgJfxh5V-YOlog.png (downloaded)
    [img] 1*zW0Gqs2bt4T5W5H_IHoesg.png (downloaded)
    [img] 1*INMAfo1fn0qEC50I6vSm7A.png (downloaded)
    [img] 1*RtmV3ezzpBG1f3-ymNbMSQ.png (downloaded)
    [img] 1*83VHabRgqhmMqeE41koxzg.png (downloaded)
    [img] 1*oDoB2uIOeXSZJnhs21n8fA.png (downloaded)
    [img] 1*iQHWNkIKo5RDXC3xEdo16Q.png (downloaded)
    [img] 1*8u1va2hFKF0ybnqrvin9Pw.png (downloaded)
[ 98/123] Mapleton (LFI to RCE) WebVerse
          -> webverse-writeups/mapleton-lfi-to-rce-webverse.html
    [img] 1*YUif3tYY2rcZiwgDrEWpNA.png (downloaded)
    [img] 1*tbflKUEMeaMom6Uw90qyiw.png (downloaded)
    [img] 1*SzNQte-RsmEVoKUfa4btBg.png (downloaded)
    [img] 1*LJpFl9oc-TUrNPbojOaAeg.png (downloaded)
    [img] 1*AVpOSpv2GK1xfQdQDWFLYg.png (downloaded)
    [img] 1*CCtNDEqIqo6ogmftbNixNg.png (downloaded)
    [img] 1*_hoknY_sVWoaMAARROoDsA.png (downloaded)
    [img] 1*QqJCJG-StEMzog0AI_hixg.png (downloaded)
    [img] 1*s0-Huq6eE86hjZ4m4zYr1Q.png (downloaded)
    [img] 1*LeuUV-ABOxCGtPJbpsEViA.png (downloaded)
    [img] 1*H8IjhUzaDtj0g9gRsnjtRA.png (downloaded)
[ 99/123] Galaxy Dash (IDOR) Bugforge.io
          -> bugforge-writeups/galaxy-dash-idor-bugforge-io.html
    [img] 1*UJ8hc400D1Wl0qSQO-rVsA.png (downloaded)
    [img] 1*pnDSOi8Gw-kCNRDsM2Ockw.png (downloaded)
    [img] 1*TtjmjZw7Aj6y6Ng7SccVWg.png (downloaded)
    [img] 1*sEog4Z5pRqQ7RCzU6Y0e7w.png (downloaded)
    [img] 1*kfF01AbFPIHlYFsto1vJQA.png (downloaded)
    [img] 1*DL9v4hw8PMGl9XYCgOyHOA.png (downloaded)
    [img] 1*lgdEEu4uyIrm6JMiQ2HwnA.png (downloaded)
[100/123] Joystick (Websockets) WebVerse
          -> webverse-writeups/joystick-websockets-webverse.html
    [img] 1*34Y52toQGzDedOI4sZc85A.png (downloaded)
    [img] 1*0_zYpPclAcbEbQ4CPhMNtA.png (downloaded)
    [img] 1*Qkf_ywsu0MqQzrbo5gbFAQ.png (downloaded)
    [img] 1*ETa88ikqpHj5wVPqMWEnHw.png (downloaded)
    [img] 1*2jttr3pMYaemYf38FufRyg.png (downloaded)
[101/123] My security labs (inc links) -- skipped (no dest)
[102/123] Loop & Roam (git exposure) WebVerse
          -> webverse-writeups/loop-roam-git-exposure-webverse.html
    [img] 1*ZA_Ilm4j7wdz4_zb56Ouuw.png (downloaded)
    [img] 1*YqgJhiRdNfCdzi1QjBZe4A.png (downloaded)
    [img] 1*7Jfnq8wNwY_2bYXL-sck6w.png (downloaded)
    [img] 1*BcHMPNEmEShajjB1H7KcdA.png (downloaded)
    [img] 1*otRgxN_gr6CcTTmjE0CVwg.png (downloaded)
[103/123] The Caretaker (Official Writeup) WebVerse
          -> webverse-writeups/the-caretaker-official-writeup-webverse.html
    [img] 1*vq0SsooIPLUobBnuHSjAtQ.png (downloaded)
    [img] 1*p0sRzJWkPenZf8fckBRqvw.png (downloaded)
    [img] 1*FCpj84WJdM9VkjrS2u5-Bg.png (downloaded)
    [img] 1*8Bb3KQPIJvg3SkQsVrgKeg.png (downloaded)
    [img] 1*9Wv3wBYNf3Ii-8NOIx4SfQ.png (downloaded)
    [img] 1*Cz2UAtOealX0ANFH1o_h9A.png (downloaded)
    [img] 1*HplxOt4rFlcAKN0nam3nnQ.png (downloaded)
    [img] 1*wSF8gHSA4HXIbNmMVYpULQ.png (downloaded)
    [img] 1*UnGefGnjAGgpC13mIIVTYA.png (downloaded)
    [img] 1*znLMtxeot6FZb42wUMvd8Q.png (downloaded)
[104/123] Lazy Human Resources (Official writeup) (BAC) WebVerse
          -> webverse-writeups/lazy-human-resources-official-writeup-bac-webverse.html
    [img] 1*VfeeOYVX47f7yJow3_OMIA.jpeg (downloaded)
    [img] 1*hYtv91t2SgarViFvUuwwLQ.png (downloaded)
    [img] 1*DDRGdiu8idiXMt2TZrBrHQ.png (downloaded)
    [img] 1*jS2r1lqptJ2mxDcecXbNsg.png (downloaded)
    [img] 1*q5-ozF79gxyCZ1FyAVnchw.png (downloaded)
    [img] 1*uOIdKvVLsfL7_db2LXjCnA.png (downloaded)
    [img] 1*dsjVrw4JntKESr7YNLxzAA.png (downloaded)
    [img] 1*A3HOui-Xe6XTQ1ZY1FkgyA.png (downloaded)
[105/123] Snooker (Logic flaw) WebVerse
          -> webverse-writeups/snooker-logic-flaw-webverse.html
[106/123] MedNode (SQLi) Bugforge.io
          -> bugforge-writeups/mednode-sqli-bugforge-io.html
    [img] 1*w96_FpqJIzVgiTkdRntbUQ.png (downloaded)
    [img] 1*bWcoD7IetA7HxDGEMdR-KA.png (downloaded)
    [img] 1*Q4jGbI4oIGKIJ-6tU9Gmpg.png (downloaded)
    [img] 1*lZt_hS_D6A9JUqAQdKbgKA.png (downloaded)
    [img] 1*K5HPagouh34ADIFHB0cQMg.png (downloaded)
    [img] 1*3mgJnX7XUQhxM9j3jxBd6w.png (downloaded)
    [img] 1*bQab5CY83zzFj9-ioMgvFg.png (downloaded)
    [img] 1*Jz81X81x6DcUQTL9RbROlg.png (downloaded)
    [img] 1*dhRR1eUUBMjV72tFzFf6SA.png (downloaded)
    [img] 1*d5vQ_BPe6tHXdwsTxGmN8w.png (downloaded)
    [img] 1*y7fH1HFxQF86jDKuhk_meQ.png (downloaded)
[107/123] Vibed (SQLi) WebVerse
          -> webverse-writeups/vibed-sqli-webverse.html
    [img] 1*cupLiUcKoJuqOaq_LOK3_w.png (downloaded)
    [img] 1*IPBhpKO_mgY0seD8-la3lg.png (downloaded)
    [img] 1*2Iyyo4ZWs-fVi_O4JT2h0Q.png (downloaded)
    [img] 1*Cmih_sfrXI81ft-uxqnK7g.png (downloaded)
    [img] 1*oqQi7ejAV7FCQrmvIwXRvQ.png (downloaded)
    [img] 1*RG7CAKww69lVDXWM_Hj3pg.png (downloaded)
    [img] 1*bZf6gml9yAXoDv5pt64zyg.png (downloaded)
    [img] 1*7RNpShfXd4CKvyEepXItjg.png (downloaded)
    [img] 1*ARpR5K8H8WRO32Fl0mftFQ.png (downloaded)
[108/123] Brackish Brewing Co. (with VerbTamper v1.8.1) (WebVerse)
          -> webverse-writeups/brackish-brewing-co-with-verbtamper-v1-8-1-webverse.html
    [img] 1*Uq5Jusn1pdnT9XKsi2mVdQ.png (downloaded)
    [img] 1*9SwbK2iagA85n5Fw63hmsg.png (downloaded)
    [img] 1*8pt7XLXm3VnM9GpdX6raQg.png (downloaded)
    [img] 1*tCKHz2EKX7d-Mak5XTNdCQ.png (downloaded)
    [img] 1*Iq0BKtFF5GW-G8hyl-37VA.png (downloaded)
    [img] 1*01GGzW0ObVhk7CKrQXp7QQ.png (downloaded)
    [img] 1*ne2AR7MDZ10xlZycUW2Rgw.png (downloaded)
    [img] 1*2VtA7XqB21qDB-LBoe54Dw.png (downloaded)
    [img] 1*nTbzS5L0FvhUOtgbJj4gKQ.png (downloaded)
    [img] 1*2tlMA0vAen4nsaOy3snB2A.png (downloaded)
    [img] 1*mGy-zfC0NpLxme6Nb9DqfA.png (downloaded)
[109/123] FurHire (Broken Auth) (Weekly) (BugForge.io)
          -> bugforge-writeups/furhire-broken-auth-weekly-bugforge-io.html
    [img] 1*ONrUZdhiHflA9rYBbMRR0Q.png (downloaded)
    [img] 1*yNGQEWRilqGtJYq3ZSaLFQ.png (downloaded)
    [img] 1*VovNrrLMQP7USmkuSCOosw.png (downloaded)
    [img] 1*to3sudJxbriTY1X0KOx3mA.png (downloaded)
    [img] 1*_84venH5fQrJ0QMfeptXzQ.png (downloaded)
    [img] 1*HJtpyLY3jDz74sd9BFCgxA.png (downloaded)
    [img] 1*paimB4rvlP2qWIqnuO-WNw.png (downloaded)
    [img] 1*DTJ9YFv4QogkCV-9hJEgfA.png (downloaded)
    [img] 1*HSG6HiC2p4lQt5q3Ey7C8w.png (downloaded)
    [img] 1*-4UaOeM1JBQx83F7Ufvr7A.png (downloaded)
    [img] 1*EuXq3Lz1M6fuhIQGydhM1Q.png (downloaded)
    [img] 1*H7GzV9o2mBesi-A_2-cmXQ.png (downloaded)
    [img] 1*HSPl9_jJn3gSVOpA0Ha2zQ.png (downloaded)
    [img] 1*PraR1zq6heHEqDBEAK6pLQ.png (downloaded)
[110/123] Disgruntled Employee (Official Writeup) WebVerse-Pro.com
          -> webverse-writeups/disgruntled-employee-official-writeup-webverse-pro-com.html
    [img] 1*YDo2dVJvDV8-mNUbBEo3hg.png (downloaded)
    [img] 1*6q6YAjf6IyEb59fODTegoA.png (downloaded)
    [img] 1*eWgtT0ZKv3jgens82Y5Wlw.png (downloaded)
    [img] 1*oOkNLfQt36e7NgEFQPXQ6g.png (downloaded)
    [img] 1*YRZufCdZ5w3QHa4sKvqCDQ.png (downloaded)
    [img] 1*NG1VR-ctWMI_Feb1YBgJOw.png (downloaded)
    [img] 1*_KfIYCmP4vUfGU-N1mHCrw.png (downloaded)
    [img] 1*frcIJyBjlJEPehMdzYwRfw.png (downloaded)
    [img] 1*ktRJlTbKlLBYG_oWgC3Q3w.png (downloaded)
    [img] 1*pDACdKuJjnjspvUJvv9GsA.png (downloaded)
    [img] 1*vU9MFOv3K7v1vDY6H1iYfQ.png (downloaded)
    [img] 1*AUK5-AYx1uGTtGSqfTNOVQ.png (downloaded)
    [img] 1*pvLMOPB_pJH8MNQkrCsKZA.png (downloaded)
    [img] 1*A-utEns3nvkJsskbd0o2_Q.png (downloaded)
    [img] 1*kmrBBc53Py52eomI2wgoXg.png (downloaded)
    [img] 1*QuMAwEPOkQkMJ0bH5XWxzA.png (downloaded)
    [img] 1*e0EY_6IGJteBJNrk1dMz8w.png (downloaded)
    [img] 1*P3R34_n7kJNntOGGRdRWQQ.png (downloaded)
    [img] 1*miSzefHOBEin3eZrYIvtbw.png (downloaded)
[111/123] Versed (SQLi) WebVerse-pro.com
          -> webverse-writeups/versed-sqli-webverse-pro-com.html
    [img] 1*_34L23IJ18j94T5H1W3jjg.png (downloaded)
    [img] 1*CmQiohp4l-CHKeS_x3NyWg.png (downloaded)
    [img] 1*xIoODXj34aXUWAl9NifM_A.png (downloaded)
    [img] 1*-bCIymvqQZ0WbovC3rko7A.png (downloaded)
    [img] 1*xE4q_pqrHpGbvdS-7ojaVg.png (downloaded)
    [img] 1*h3O-8y-cQ7MsdvqLGQh2mQ.png (downloaded)
    [img] 1*xlx97I6wNcnTCQPcujLKrA.png (downloaded)
    [img] 1*zzK82Zarqs32MpuT9836_w.png (downloaded)
    [img] 1*2vHYh_fpiRCy1KtxxebBZw.png (downloaded)
    [img] 1*LuBZcAtbDQPnbUExpjODeA.png (downloaded)
    [img] 1*pqL-BRjix-od4PV-tUy9gw.png (downloaded)
    [img] 1*-cL-ruIZb7V1YNmAOwi5Eg.png (downloaded)
[112/123] Angry Teacher (Official Walkthrough) WebVerse-Pro.com
          -> webverse-writeups/angry-teacher-official-walkthrough-webverse-pro-com.html
    [img] 1*Pa-N5i8eA-QdpTvl-skZcA.png (downloaded)
[113/123] CafeClub (Broken Business Logic) Bugforge.io
          -> bugforge-writeups/cafeclub-broken-business-logic-bugforge-io.html
    [img] 1*IGIbREcITMoepCLjC5vU5Q.png (downloaded)
    [img] 1*Jt9qdNwly_sYutfAgsG68A.png (downloaded)
    [img] 1*yRRSI4G387XFe4FHHig1_Q.png (downloaded)
    [img] 1*xR0u1Q7Wo_iKOT44aVfxOg.png (downloaded)
    [img] 1*REtfpN6DtR0N0ET3x7Xwsg.png (downloaded)
    [img] 1*MDeGHUvy-O6yRANgilEmFQ.png (downloaded)
[114/123] ReportVerse (Official Writeup) WebVerse-pro.com
          -> webverse-writeups/reportverse-official-writeup-webverse-pro-com.html
    [img] 1*xOAi2hKWWAqI3Ihln5MG0g.png (downloaded)
    [img] 1*h93cvYtg6OYaP2xiYqD8gQ.png (downloaded)
    [img] 1*doouk0OZh0CgemmRs2Xtgw.png (downloaded)
    [img] 1*gCekESmjNgLwIiOPz6Iv5Q.png (downloaded)
    [img] 1*FnylfKedgb9G4qXE4ME5vQ.png (downloaded)
    [img] 1*Sot5rJLTvlxvnGIJ2fQlgg.png (downloaded)
[115/123] Bomb Threat (Official Walkthrough) WebVerse-pro.com
          -> webverse-writeups/bomb-threat-official-walkthrough-webverse-pro-com.html
    [img] 1*Ag-hf2Fz3jSAzEmWa_RJ1w.png (downloaded)
[116/123] Crate & Sleeve (SXSS) (WebVerse-pro.com)
          -> webverse-writeups/crate-sleeve-sxss-webverse-pro-com.html
    [img] 1*SLNuBe3od-R8lpGEX5J_Xg.png (downloaded)
    [img] 1*8N0VKwuoBKAEJKq1vhBrUg.png (downloaded)
    [img] 1*FRjPPBEVABdybYaBKFJozg.png (downloaded)
    [img] 1*cRmKWXkwFCVwVeIjWH7p5w.png (downloaded)
    [img] 1*XX-AT4177oLyBZK7a9jKag.png (downloaded)
    [img] 1*m-nU69jT0wRIu1IZSo9cZQ.png (downloaded)
[117/123] Bill’s Steak House (RCE) (WebVerse-pro.com)
          -> webverse-writeups/bill-s-steak-house-rce-webverse-pro-com.html
    [img] 1*xXCaZE5_s9eynu1DhEOxyw.png (downloaded)
    [img] 1*36FNChBnEfoEyEXEFugblA.png (downloaded)
    [img] 1*-6Xn0nUeUdBTOuPBX0uWrQ.png (downloaded)
    [img] 1*d-hav5Bgltj9n6ruypHcmw.png (downloaded)
    [img] 1*7eBjeFRY6FL9a0xFZTOb1Q.png (downloaded)
[118/123] Ottergram (Priv-Esc) Bugforge.io
          -> bugforge-writeups/ottergram-priv-esc-bugforge-io.html
    [img] 1*6Mbq-hjzGSanvaL6o6l7ew.png (downloaded)
[119/123] Tamper Temple (Official writeup) (hard) (WebVerse-pro.com)
          -> webverse-writeups/tamper-temple-official-writeup-hard-webverse-pro-com.html
    [img] 1*eCOM579L7c2qYhAEhewtAA.png (downloaded)
    [img] 1*3HzG8i_eUeLPL_eF2Eulfg.png (downloaded)
    [img] 1*PrvXGSG1Ht7VlyqP64Lgjw.png (downloaded)
    [img] 1*wIFuIDi5qy-Kq1xtBsJvKg.png (downloaded)
    [img] 1*5-_2rNiVDDXnD3rThoEi4A.png (downloaded)
    [img] 1*b5YrCau8OSRJyeo7LhUMlg.png (downloaded)
    [img] 1*orhdZYzSmvutC0x88yc7DQ.png (downloaded)
    [img] 1*H7E8-mNX6-IrBdspZIP5zg.png (downloaded)
    [img] 1*mD6vImJMB4eWrdJ1St5LiQ.png (downloaded)
    [img] 1*LjT8lIFxKHc-QkaQrW8kOA.png (downloaded)
    [img] 1*vC_eRjDLDAnhbAug-yHpAQ.png (downloaded)
    [img] 1*8sKQyYQbKZaIFwGLIxEhGg.png (downloaded)
    [img] 1*beHwgYjAvI0kfgsAts34TA.png (downloaded)
    [img] 1*oHgUnpGAbdLA1jM5ROJ0Cg.png (downloaded)
    [img] 1*f4H3qmUaW2HenBE8Pt3kWA.png (downloaded)
    [img] 1*5cdJjD6dQySOMjTm-5I1dA.png (downloaded)
    [img] 1*daqXP9oMir4YGW6fJ0fmrg.png (downloaded)
    [img] 1*Bd0qG0KBguPUs2TUfq21qg.png (downloaded)
    [img] 1*T84mWCJdU-8H0sDCYQkBfg.png (downloaded)
    [img] 1*KoEsMT4hYmF5exXcCuAuww.png (downloaded)
    [img] 1*N2Px67T3XsxLWBbn6cjefA.png (downloaded)
    [img] 1*oXcqro6PObl0IHHei0u1gA.png (downloaded)
    [img] 1*0sXmrTT2dzMY-VHXiiWbDA.png (downloaded)
    [img] 1*3X8En6oYjCK0rPAp-fReVA.png (downloaded)
    [img] 1*ykClVibtWgdt-d855AOTJA.png (downloaded)
    [img] 1*1qI1H5aaq0obiEna5SlHsw.png (downloaded)
    [img] 1*9g4bTpKYHw5ezBj-ckb2Gg.png (downloaded)
[120/123] Thanks for your thoughts! -- skipped (no dest)
[121/123] CSP is a seatbelt, not a force field -- skipped (no dest)
[122/123] Research and Writeups -- skipped (no dest)
[123/123] Proto -- skipped (no dest)

Summary:
    imported: 95
     skipped: 14
      exists: 14
